#
# There is insufficient memory for the Java Runtime Environment to continue.
# Native memory allocation (mmap) failed to map 65536 bytes for Failed to commit metaspace.
# Possible reasons:
#   The system is out of physical RAM or swap space
#   The process is running with CompressedOops enabled, and the Java Heap may be blocking the growth of the native heap
# Possible solutions:
#   Reduce memory load on the system
#   Increase physical memory or swap space
#   Check if swap backing store is full
#   Decrease Java heap size (-Xmx/-Xms)
#   Decrease number of Java threads
#   Decrease Java thread stack sizes (-Xss)
#   Set larger code cache with -XX:ReservedCodeCacheSize=
#   JVM is running with Unscaled Compressed Oops mode in which the Java heap is
#     placed in the first 4GB address space. The Java Heap base address is the
#     maximum limit for the native heap growth. Please use -XX:HeapBaseMinAddress
#     to set the Java Heap base and to place the Java Heap above 4GB virtual address.
# This output file may be truncated or incomplete.
#
#  Out of Memory Error (virtualSpaceNode.cpp:110), pid=5708, tid=14436
#
# JRE version: OpenJDK Runtime Environment Temurin-17.0.6+10 (17.0.6+10) (build 17.0.6+10)
# Java VM: OpenJDK 64-Bit Server VM Temurin-17.0.6+10 (17.0.6+10, mixed mode, emulated-client, tiered, compressed oops, compressed class ptrs, g1 gc, windows-amd64)
# No core dump will be written. Minidumps are not enabled by default on client versions of Windows
#

---------------  S U M M A R Y ------------

Command Line: -Dcom.sun.management.jmxremote -Dcom.sun.management.jmxremote.port=52176 -Dcom.sun.management.jmxremote.authenticate=false -Dcom.sun.management.jmxremote.ssl=false -Djava.rmi.server.hostname=localhost -Dspring.jmx.enabled=true -Dmanagement.endpoints.jmx.exposure.include=* -Dspring.application.admin.enabled=true -XX:TieredStopAtLevel=1 -Dspring.boot.project.name=ProgInz_md1_2023 -Dfile.encoding=UTF-8 -XX:+ShowCodeDetailsInExceptionMessages venta.lv.ProgInzMd12023Application --spring.output.ansi.enabled=always

Host: Intel(R) Core(TM) i3-6006U CPU @ 2.00GHz, 4 cores, 3G,  Windows 10 , 64 bit Build 19041 (10.0.19041.3636)
Time: Wed Jan 24 02:58:50 2024 FLE standarta laiks elapsed time: 37.228500 seconds (0d 0h 0m 37s)

---------------  T H R E A D  ---------------

Current thread (0x000001a049dca250):  JavaThread "http-nio-8080-exec-1" daemon [_thread_in_vm, id=14436, stack(0x0000006d75400000,0x0000006d75500000)]

Stack: [0x0000006d75400000,0x0000006d75500000]
Native frames: (J=compiled Java code, j=interpreted, Vv=VM code, C=native code)
V  [jvm.dll+0x67741a]
V  [jvm.dll+0x834434]
V  [jvm.dll+0x835bde]
V  [jvm.dll+0x836243]
V  [jvm.dll+0x2457b5]
V  [jvm.dll+0x8304cb]
V  [jvm.dll+0x61bca6]
V  [jvm.dll+0x1c05fe]
V  [jvm.dll+0x61e5f1]
V  [jvm.dll+0x61c646]
V  [jvm.dll+0x626487]
V  [jvm.dll+0x1ea42b]
V  [jvm.dll+0x1ea965]
V  [jvm.dll+0x1eb39f]
V  [jvm.dll+0x1e0841]
V  [jvm.dll+0x53c6d0]
V  [jvm.dll+0x7af5e8]
V  [jvm.dll+0x7af6d4]
V  [jvm.dll+0x40bc05]
V  [jvm.dll+0x411d58]
C  [java.dll+0x17ec]

Java frames: (J=compiled Java code, j=interpreted, Vv=VM code)
J 1274  java.lang.ClassLoader.defineClass1(Ljava/lang/ClassLoader;Ljava/lang/String;[BIILjava/security/ProtectionDomain;Ljava/lang/String;)Ljava/lang/Class; java.base@17.0.6 (0 bytes) @ 0x000001a03c90ef5b [0x000001a03c90eea0+0x00000000000000bb]
J 1286 c1 java.lang.ClassLoader.defineClass(Ljava/lang/String;[BIILjava/security/ProtectionDomain;)Ljava/lang/Class; java.base@17.0.6 (43 bytes) @ 0x000001a03c9168dc [0x000001a03c9167e0+0x00000000000000fc]
J 1300 c1 jdk.internal.loader.BuiltinClassLoader.defineClass(Ljava/lang/String;Ljdk/internal/loader/Resource;)Ljava/lang/Class; java.base@17.0.6 (121 bytes) @ 0x000001a03c91ef44 [0x000001a03c91eaa0+0x00000000000004a4]
J 1279 c1 jdk.internal.loader.BuiltinClassLoader.findClassOnClassPathOrNull(Ljava/lang/String;)Ljava/lang/Class; java.base@17.0.6 (64 bytes) @ 0x000001a03c914644 [0x000001a03c9143a0+0x00000000000002a4]
J 1058 c1 jdk.internal.loader.BuiltinClassLoader.loadClassOrNull(Ljava/lang/String;Z)Ljava/lang/Class; java.base@17.0.6 (143 bytes) @ 0x000001a03c8b63c4 [0x000001a03c8b5f80+0x0000000000000444]
J 1220 c1 jdk.internal.loader.ClassLoaders$AppClassLoader.loadClass(Ljava/lang/String;Z)Ljava/lang/Class; java.base@17.0.6 (40 bytes) @ 0x000001a03c8fae24 [0x000001a03c8face0+0x0000000000000144]
J 1217 c1 java.lang.ClassLoader.loadClass(Ljava/lang/String;)Ljava/lang/Class; java.base@17.0.6 (7 bytes) @ 0x000001a03c8f9f64 [0x000001a03c8f9f20+0x0000000000000044]
v  ~StubRoutines::call_stub
J 1274  java.lang.ClassLoader.defineClass1(Ljava/lang/ClassLoader;Ljava/lang/String;[BIILjava/security/ProtectionDomain;Ljava/lang/String;)Ljava/lang/Class; java.base@17.0.6 (0 bytes) @ 0x000001a03c90ef5b [0x000001a03c90eea0+0x00000000000000bb]
J 1286 c1 java.lang.ClassLoader.defineClass(Ljava/lang/String;[BIILjava/security/ProtectionDomain;)Ljava/lang/Class; java.base@17.0.6 (43 bytes) @ 0x000001a03c9168dc [0x000001a03c9167e0+0x00000000000000fc]
J 1300 c1 jdk.internal.loader.BuiltinClassLoader.defineClass(Ljava/lang/String;Ljdk/internal/loader/Resource;)Ljava/lang/Class; java.base@17.0.6 (121 bytes) @ 0x000001a03c91ef44 [0x000001a03c91eaa0+0x00000000000004a4]
J 1279 c1 jdk.internal.loader.BuiltinClassLoader.findClassOnClassPathOrNull(Ljava/lang/String;)Ljava/lang/Class; java.base@17.0.6 (64 bytes) @ 0x000001a03c914644 [0x000001a03c9143a0+0x00000000000002a4]
J 1058 c1 jdk.internal.loader.BuiltinClassLoader.loadClassOrNull(Ljava/lang/String;Z)Ljava/lang/Class; java.base@17.0.6 (143 bytes) @ 0x000001a03c8b63c4 [0x000001a03c8b5f80+0x0000000000000444]
J 1220 c1 jdk.internal.loader.ClassLoaders$AppClassLoader.loadClass(Ljava/lang/String;Z)Ljava/lang/Class; java.base@17.0.6 (40 bytes) @ 0x000001a03c8fae24 [0x000001a03c8face0+0x0000000000000144]
J 1217 c1 java.lang.ClassLoader.loadClass(Ljava/lang/String;)Ljava/lang/Class; java.base@17.0.6 (7 bytes) @ 0x000001a03c8f9f64 [0x000001a03c8f9f20+0x0000000000000044]
v  ~StubRoutines::call_stub
j  org.hibernate.query.sqm.sql.StandardSqmTranslatorFactory.createSelectTranslator(Lorg/hibernate/query/sqm/tree/select/SqmSelectStatement;Lorg/hibernate/query/spi/QueryOptions;Lorg/hibernate/query/sqm/internal/DomainParameterXref;Lorg/hibernate/query/spi/QueryParameterBindings;Lorg/hibernate/engine/spi/LoadQueryInfluencers;Lorg/hibernate/sql/ast/spi/SqlAstCreationContext;Z)Lorg/hibernate/query/sqm/sql/SqmTranslator;+0
j  org.hibernate.query.sqm.internal.ConcreteSqmSelectQueryPlan.buildCacheableSqmInterpretation(Lorg/hibernate/query/sqm/tree/select/SqmSelectStatement;Lorg/hibernate/query/sqm/internal/DomainParameterXref;Lorg/hibernate/query/spi/DomainQueryExecutionContext;)Lorg/hibernate/query/sqm/internal/ConcreteSqmSelectQueryPlan$CacheableSqmInterpretation;+61
j  org.hibernate.query.sqm.internal.ConcreteSqmSelectQueryPlan.withCacheableSqmInterpretation(Lorg/hibernate/query/spi/DomainQueryExecutionContext;Ljava/lang/Object;Lorg/hibernate/query/sqm/internal/ConcreteSqmSelectQueryPlan$SqmInterpreter;)Ljava/lang/Object;+39
j  org.hibernate.query.sqm.internal.ConcreteSqmSelectQueryPlan.performList(Lorg/hibernate/query/spi/DomainQueryExecutionContext;)Ljava/util/List;+28
j  org.hibernate.query.sqm.internal.QuerySqmImpl.doList()Ljava/util/List;+88
j  org.hibernate.query.spi.AbstractSelectionQuery.list()Ljava/util/List;+7
j  org.hibernate.query.Query.getResultList()Ljava/util/List;+1
j  org.springframework.data.jpa.repository.support.SimpleJpaRepository.readPage(Ljakarta/persistence/TypedQuery;Ljava/lang/Class;Lorg/springframework/data/domain/Pageable;Lorg/springframework/data/jpa/domain/Specification;)Lorg/springframework/data/domain/Page;+34
j  org.springframework.data.jpa.repository.support.SimpleJpaRepository.findAll(Lorg/springframework/data/jpa/domain/Specification;Lorg/springframework/data/domain/Pageable;)Lorg/springframework/data/domain/Page;+38
j  org.springframework.data.jpa.repository.support.SimpleJpaRepository.findAll(Lorg/springframework/data/domain/Pageable;)Lorg/springframework/data/domain/Page;+25
v  ~StubRoutines::call_stub
J 4168  jdk.internal.reflect.NativeMethodAccessorImpl.invoke0(Ljava/lang/reflect/Method;Ljava/lang/Object;[Ljava/lang/Object;)Ljava/lang/Object; java.base@17.0.6 (0 bytes) @ 0x000001a03ce2f59f [0x000001a03ce2f520+0x000000000000007f]
J 4167 c1 jdk.internal.reflect.NativeMethodAccessorImpl.invoke(Ljava/lang/Object;[Ljava/lang/Object;)Ljava/lang/Object; java.base@17.0.6 (137 bytes) @ 0x000001a03ce3016c [0x000001a03ce2fe80+0x00000000000002ec]
J 3934 c1 jdk.internal.reflect.DelegatingMethodAccessorImpl.invoke(Ljava/lang/Object;[Ljava/lang/Object;)Ljava/lang/Object; java.base@17.0.6 (10 bytes) @ 0x000001a03cddc9e4 [0x000001a03cddc9a0+0x0000000000000044]
J 3942 c1 java.lang.reflect.Method.invoke(Ljava/lang/Object;[Ljava/lang/Object;)Ljava/lang/Object; java.base@17.0.6 (65 bytes) @ 0x000001a03cddf4d4 [0x000001a03cddf3e0+0x00000000000000f4]
j  org.springframework.data.repository.core.support.RepositoryMethodInvoker$RepositoryFragmentMethodInvoker.lambda$new$0(Lorg/springframework/data/repository/core/support/RepositoryMethodInvoker$RepositoryFragmentMethodInvoker$CoroutineAdapterInformation;Ljava/lang/reflect/Method;Ljava/lang/Object;[Ljava/lang/Object;)Ljava/lang/Object;+38
j  org.springframework.data.repository.core.support.RepositoryMethodInvoker$RepositoryFragmentMethodInvoker$$Lambda$1518+0x0000000100a3f200.invoke([Ljava/lang/Object;)Ljava/lang/Object;+13
j  org.springframework.data.repository.core.support.RepositoryMethodInvoker.doInvoke(Ljava/lang/Class;Lorg/springframework/data/repository/core/support/RepositoryInvocationMulticaster;[Ljava/lang/Object;)Ljava/lang/Object;+11
j  org.springframework.data.repository.core.support.RepositoryMethodInvoker.invoke(Ljava/lang/Class;Lorg/springframework/data/repository/core/support/RepositoryInvocationMulticaster;[Ljava/lang/Object;)Ljava/lang/Object;+21
j  org.springframework.data.repository.core.support.RepositoryComposition$RepositoryFragments.invoke(Ljava/lang/Class;Lorg/springframework/data/repository/core/support/RepositoryInvocationMulticaster;Ljava/lang/reflect/Method;Ljava/lang/reflect/Method;[Ljava/lang/Object;)Ljava/lang/Object;+113
j  org.springframework.data.repository.core.support.RepositoryComposition.invoke(Lorg/springframework/data/repository/core/support/RepositoryInvocationMulticaster;Ljava/lang/reflect/Method;[Ljava/lang/Object;)Ljava/lang/Object;+84
j  org.springframework.data.repository.core.support.RepositoryFactorySupport$ImplementationMethodExecutionInterceptor.invoke(Lorg/aopalliance/intercept/MethodInvocation;)Ljava/lang/Object;+24
j  org.springframework.aop.framework.ReflectiveMethodInvocation.proceed()Ljava/lang/Object;+120
j  org.springframework.data.repository.core.support.QueryExecutorMethodInterceptor.doInvoke(Lorg/aopalliance/intercept/MethodInvocation;)Ljava/lang/Object;+88
j  org.springframework.data.repository.core.support.QueryExecutorMethodInterceptor.invoke(Lorg/aopalliance/intercept/MethodInvocation;)Ljava/lang/Object;+25
j  org.springframework.aop.framework.ReflectiveMethodInvocation.proceed()Ljava/lang/Object;+120
j  org.springframework.transaction.interceptor.TransactionInterceptor$1.proceedWithInvocation()Ljava/lang/Object;+4
j  org.springframework.transaction.interceptor.TransactionAspectSupport.invokeWithinTransaction(Ljava/lang/reflect/Method;Ljava/lang/Class;Lorg/springframework/transaction/interceptor/TransactionAspectSupport$InvocationCallback;)Ljava/lang/Object;+292
j  org.springframework.transaction.interceptor.TransactionInterceptor.invoke(Lorg/aopalliance/intercept/MethodInvocation;)Ljava/lang/Object;+40
j  org.springframework.aop.framework.ReflectiveMethodInvocation.proceed()Ljava/lang/Object;+120
j  org.springframework.dao.support.PersistenceExceptionTranslationInterceptor.invoke(Lorg/aopalliance/intercept/MethodInvocation;)Ljava/lang/Object;+1
j  org.springframework.aop.framework.ReflectiveMethodInvocation.proceed()Ljava/lang/Object;+120
j  org.springframework.data.jpa.repository.support.CrudMethodMetadataPostProcessor$CrudMethodMetadataPopulatingMethodInterceptor.invoke(Lorg/aopalliance/intercept/MethodInvocation;)Ljava/lang/Object;+139
j  org.springframework.aop.framework.ReflectiveMethodInvocation.proceed()Ljava/lang/Object;+120
j  org.springframework.aop.interceptor.ExposeInvocationInterceptor.invoke(Lorg/aopalliance/intercept/MethodInvocation;)Ljava/lang/Object;+18
j  org.springframework.aop.framework.ReflectiveMethodInvocation.proceed()Ljava/lang/Object;+120
j  org.springframework.aop.framework.JdkDynamicAopProxy.invoke(Ljava/lang/Object;Ljava/lang/reflect/Method;[Ljava/lang/Object;)Ljava/lang/Object;+386
j  jdk.proxy2.$Proxy129.findAll(Lorg/springframework/data/domain/Pageable;)Lorg/springframework/data/domain/Page;+16 jdk.proxy2
j  venta.lv.services.impl.TripServiceImplWithDB.allTrips(Lorg/springframework/data/domain/Pageable;)Lorg/springframework/data/domain/Page;+5
j  venta.lv.controllers.TripController.showAll(Lorg/springframework/ui/Model;Lorg/springframework/data/domain/Pageable;)Ljava/lang/String;+5
v  ~StubRoutines::call_stub
J 4168  jdk.internal.reflect.NativeMethodAccessorImpl.invoke0(Ljava/lang/reflect/Method;Ljava/lang/Object;[Ljava/lang/Object;)Ljava/lang/Object; java.base@17.0.6 (0 bytes) @ 0x000001a03ce2f59f [0x000001a03ce2f520+0x000000000000007f]
J 4167 c1 jdk.internal.reflect.NativeMethodAccessorImpl.invoke(Ljava/lang/Object;[Ljava/lang/Object;)Ljava/lang/Object; java.base@17.0.6 (137 bytes) @ 0x000001a03ce3016c [0x000001a03ce2fe80+0x00000000000002ec]
J 3934 c1 jdk.internal.reflect.DelegatingMethodAccessorImpl.invoke(Ljava/lang/Object;[Ljava/lang/Object;)Ljava/lang/Object; java.base@17.0.6 (10 bytes) @ 0x000001a03cddc9e4 [0x000001a03cddc9a0+0x0000000000000044]
J 3942 c1 java.lang.reflect.Method.invoke(Ljava/lang/Object;[Ljava/lang/Object;)Ljava/lang/Object; java.base@17.0.6 (65 bytes) @ 0x000001a03cddf4d4 [0x000001a03cddf3e0+0x00000000000000f4]
j  org.springframework.web.method.support.InvocableHandlerMethod.doInvoke([Ljava/lang/Object;)Ljava/lang/Object;+29
j  org.springframework.web.method.support.InvocableHandlerMethod.invokeForRequest(Lorg/springframework/web/context/request/NativeWebRequest;Lorg/springframework/web/method/support/ModelAndViewContainer;[Ljava/lang/Object;)Ljava/lang/Object;+41
j  org.springframework.web.servlet.mvc.method.annotation.ServletInvocableHandlerMethod.invokeAndHandle(Lorg/springframework/web/context/request/ServletWebRequest;Lorg/springframework/web/method/support/ModelAndViewContainer;[Ljava/lang/Object;)V+4
j  org.springframework.web.servlet.mvc.method.annotation.RequestMappingHandlerAdapter.invokeHandlerMethod(Ljakarta/servlet/http/HttpServletRequest;Ljakarta/servlet/http/HttpServletResponse;Lorg/springframework/web/method/HandlerMethod;)Lorg/springframework/web/servlet/ModelAndView;+244
j  org.springframework.web.servlet.mvc.method.annotation.RequestMappingHandlerAdapter.handleInternal(Ljakarta/servlet/http/HttpServletRequest;Ljakarta/servlet/http/HttpServletResponse;Lorg/springframework/web/method/HandlerMethod;)Lorg/springframework/web/servlet/ModelAndView;+81
j  org.springframework.web.servlet.mvc.method.AbstractHandlerMethodAdapter.handle(Ljakarta/servlet/http/HttpServletRequest;Ljakarta/servlet/http/HttpServletResponse;Ljava/lang/Object;)Lorg/springframework/web/servlet/ModelAndView;+7
j  org.springframework.web.servlet.DispatcherServlet.doDispatch(Ljakarta/servlet/http/HttpServletRequest;Ljakarta/servlet/http/HttpServletResponse;)V+259
j  org.springframework.web.servlet.DispatcherServlet.doService(Ljakarta/servlet/http/HttpServletRequest;Ljakarta/servlet/http/HttpServletResponse;)V+242
j  org.springframework.web.servlet.FrameworkServlet.processRequest(Ljakarta/servlet/http/HttpServletRequest;Ljakarta/servlet/http/HttpServletResponse;)V+70
j  org.springframework.web.servlet.FrameworkServlet.doGet(Ljakarta/servlet/http/HttpServletRequest;Ljakarta/servlet/http/HttpServletResponse;)V+3
j  jakarta.servlet.http.HttpServlet.service(Ljakarta/servlet/http/HttpServletRequest;Ljakarta/servlet/http/HttpServletResponse;)V+35
j  org.springframework.web.servlet.FrameworkServlet.service(Ljakarta/servlet/http/HttpServletRequest;Ljakarta/servlet/http/HttpServletResponse;)V+20
j  jakarta.servlet.http.HttpServlet.service(Ljakarta/servlet/ServletRequest;Ljakarta/servlet/ServletResponse;)V+36
j  org.apache.catalina.core.ApplicationFilterChain.internalDoFilter(Ljakarta/servlet/ServletRequest;Ljakarta/servlet/ServletResponse;)V+305
j  org.apache.catalina.core.ApplicationFilterChain.doFilter(Ljakarta/servlet/ServletRequest;Ljakarta/servlet/ServletResponse;)V+99
j  org.apache.tomcat.websocket.server.WsFilter.doFilter(Ljakarta/servlet/ServletRequest;Ljakarta/servlet/ServletResponse;Ljakarta/servlet/FilterChain;)V+21
j  org.apache.catalina.core.ApplicationFilterChain.internalDoFilter(Ljakarta/servlet/ServletRequest;Ljakarta/servlet/ServletResponse;)V+135
j  org.apache.catalina.core.ApplicationFilterChain.doFilter(Ljakarta/servlet/ServletRequest;Ljakarta/servlet/ServletResponse;)V+99
j  org.springframework.security.web.FilterChainProxy.lambda$doFilterInternal$3(Lorg/springframework/security/web/firewall/FirewalledRequest;Ljakarta/servlet/FilterChain;Ljakarta/servlet/ServletRequest;Ljakarta/servlet/ServletResponse;)V+35
j  org.springframework.security.web.FilterChainProxy$$Lambda$1527+0x0000000100a88c88.doFilter(Ljakarta/servlet/ServletRequest;Ljakarta/servlet/ServletResponse;)V+10
j  org.springframework.security.web.FilterChainProxy$VirtualFilterChain.doFilter(Ljakarta/servlet/ServletRequest;Ljakarta/servlet/ServletResponse;)V+17
j  org.springframework.security.web.access.intercept.AuthorizationFilter.doFilter(Ljakarta/servlet/ServletRequest;Ljakarta/servlet/ServletResponse;Ljakarta/servlet/FilterChain;)V+143
j  org.springframework.security.web.FilterChainProxy$VirtualFilterChain.doFilter(Ljakarta/servlet/ServletRequest;Ljakarta/servlet/ServletResponse;)V+105
j  org.springframework.security.web.access.ExceptionTranslationFilter.doFilter(Ljakarta/servlet/http/HttpServletRequest;Ljakarta/servlet/http/HttpServletResponse;Ljakarta/servlet/FilterChain;)V+3
j  org.springframework.security.web.access.ExceptionTranslationFilter.doFilter(Ljakarta/servlet/ServletRequest;Ljakarta/servlet/ServletResponse;Ljakarta/servlet/FilterChain;)V+10
j  org.springframework.security.web.FilterChainProxy$VirtualFilterChain.doFilter(Ljakarta/servlet/ServletRequest;Ljakarta/servlet/ServletResponse;)V+105
j  org.springframework.security.web.authentication.AnonymousAuthenticationFilter.doFilter(Ljakarta/servlet/ServletRequest;Ljakarta/servlet/ServletResponse;Ljakarta/servlet/FilterChain;)V+33
j  org.springframework.security.web.FilterChainProxy$VirtualFilterChain.doFilter(Ljakarta/servlet/ServletRequest;Ljakarta/servlet/ServletResponse;)V+105
j  org.springframework.security.web.servletapi.SecurityContextHolderAwareRequestFilter.doFilter(Ljakarta/servlet/ServletRequest;Ljakarta/servlet/ServletResponse;Ljakarta/servlet/FilterChain;)V+19
j  org.springframework.security.web.FilterChainProxy$VirtualFilterChain.doFilter(Ljakarta/servlet/ServletRequest;Ljakarta/servlet/ServletResponse;)V+105
j  org.springframework.security.web.savedrequest.RequestCacheAwareFilter.doFilter(Ljakarta/servlet/ServletRequest;Ljakarta/servlet/ServletResponse;Ljakarta/servlet/FilterChain;)V+32
j  org.springframework.security.web.FilterChainProxy$VirtualFilterChain.doFilter(Ljakarta/servlet/ServletRequest;Ljakarta/servlet/ServletResponse;)V+105
j  org.springframework.security.web.authentication.ui.DefaultLogoutPageGeneratingFilter.doFilterInternal(Ljakarta/servlet/http/HttpServletRequest;Ljakarta/servlet/http/HttpServletResponse;Ljakarta/servlet/FilterChain;)V+55
j  org.springframework.web.filter.OncePerRequestFilter.doFilter(Ljakarta/servlet/ServletRequest;Ljakarta/servlet/ServletResponse;Ljakarta/servlet/FilterChain;)V+150
j  org.springframework.security.web.FilterChainProxy$VirtualFilterChain.doFilter(Ljakarta/servlet/ServletRequest;Ljakarta/servlet/ServletResponse;)V+105
j  org.springframework.security.web.authentication.ui.DefaultLoginPageGeneratingFilter.doFilter(Ljakarta/servlet/http/HttpServletRequest;Ljakarta/servlet/http/HttpServletResponse;Ljakarta/servlet/FilterChain;)V+81
j  org.springframework.security.web.authentication.ui.DefaultLoginPageGeneratingFilter.doFilter(Ljakarta/servlet/ServletRequest;Ljakarta/servlet/ServletResponse;Ljakarta/servlet/FilterChain;)V+10
j  org.springframework.security.web.FilterChainProxy$VirtualFilterChain.doFilter(Ljakarta/servlet/ServletRequest;Ljakarta/servlet/ServletResponse;)V+105
j  org.springframework.security.web.authentication.AbstractAuthenticationProcessingFilter.doFilter(Ljakarta/servlet/http/HttpServletRequest;Ljakarta/servlet/http/HttpServletResponse;Ljakarta/servlet/FilterChain;)V+12
j  org.springframework.security.web.authentication.AbstractAuthenticationProcessingFilter.doFilter(Ljakarta/servlet/ServletRequest;Ljakarta/servlet/ServletResponse;Ljakarta/servlet/FilterChain;)V+10
j  org.springframework.security.web.FilterChainProxy$VirtualFilterChain.doFilter(Ljakarta/servlet/ServletRequest;Ljakarta/servlet/ServletResponse;)V+105
j  org.springframework.security.web.authentication.logout.LogoutFilter.doFilter(Ljakarta/servlet/http/HttpServletRequest;Ljakarta/servlet/http/HttpServletResponse;Ljakarta/servlet/FilterChain;)V+83
j  org.springframework.security.web.authentication.logout.LogoutFilter.doFilter(Ljakarta/servlet/ServletRequest;Ljakarta/servlet/ServletResponse;Ljakarta/servlet/FilterChain;)V+10
j  org.springframework.security.web.FilterChainProxy$VirtualFilterChain.doFilter(Ljakarta/servlet/ServletRequest;Ljakarta/servlet/ServletResponse;)V+105
j  org.springframework.security.web.csrf.CsrfFilter.doFilterInternal(Ljakarta/servlet/http/HttpServletRequest;Ljakarta/servlet/http/HttpServletResponse;Ljakarta/servlet/FilterChain;)V+95
j  org.springframework.web.filter.OncePerRequestFilter.doFilter(Ljakarta/servlet/ServletRequest;Ljakarta/servlet/ServletResponse;Ljakarta/servlet/FilterChain;)V+150
j  org.springframework.security.web.FilterChainProxy$VirtualFilterChain.doFilter(Ljakarta/servlet/ServletRequest;Ljakarta/servlet/ServletResponse;)V+105
j  org.springframework.security.web.header.HeaderWriterFilter.doHeadersAfter(Ljakarta/servlet/http/HttpServletRequest;Ljakarta/servlet/http/HttpServletResponse;Ljakarta/servlet/FilterChain;)V+29
j  org.springframework.security.web.header.HeaderWriterFilter.doFilterInternal(Ljakarta/servlet/http/HttpServletRequest;Ljakarta/servlet/http/HttpServletResponse;Ljakarta/servlet/FilterChain;)V+21
j  org.springframework.web.filter.OncePerRequestFilter.doFilter(Ljakarta/servlet/ServletRequest;Ljakarta/servlet/ServletResponse;Ljakarta/servlet/FilterChain;)V+150
j  org.springframework.security.web.FilterChainProxy$VirtualFilterChain.doFilter(Ljakarta/servlet/ServletRequest;Ljakarta/servlet/ServletResponse;)V+105
j  org.springframework.security.web.context.SecurityContextHolderFilter.doFilter(Ljakarta/servlet/http/HttpServletRequest;Ljakarta/servlet/http/HttpServletResponse;Ljakarta/servlet/FilterChain;)V+59
j  org.springframework.security.web.context.SecurityContextHolderFilter.doFilter(Ljakarta/servlet/ServletRequest;Ljakarta/servlet/ServletResponse;Ljakarta/servlet/FilterChain;)V+10
j  org.springframework.security.web.FilterChainProxy$VirtualFilterChain.doFilter(Ljakarta/servlet/ServletRequest;Ljakarta/servlet/ServletResponse;)V+105
j  org.springframework.security.web.context.request.async.WebAsyncManagerIntegrationFilter.doFilterInternal(Ljakarta/servlet/http/HttpServletRequest;Ljakarta/servlet/http/HttpServletResponse;Ljakarta/servlet/FilterChain;)V+55
j  org.springframework.web.filter.OncePerRequestFilter.doFilter(Ljakarta/servlet/ServletRequest;Ljakarta/servlet/ServletResponse;Ljakarta/servlet/FilterChain;)V+150
j  org.springframework.security.web.FilterChainProxy$VirtualFilterChain.doFilter(Ljakarta/servlet/ServletRequest;Ljakarta/servlet/ServletResponse;)V+105
j  org.springframework.security.web.session.DisableEncodeUrlFilter.doFilterInternal(Ljakarta/servlet/http/HttpServletRequest;Ljakarta/servlet/http/HttpServletResponse;Ljakarta/servlet/FilterChain;)V+10
j  org.springframework.web.filter.OncePerRequestFilter.doFilter(Ljakarta/servlet/ServletRequest;Ljakarta/servlet/ServletResponse;Ljakarta/servlet/FilterChain;)V+150
j  org.springframework.security.web.FilterChainProxy$VirtualFilterChain.doFilter(Ljakarta/servlet/ServletRequest;Ljakarta/servlet/ServletResponse;)V+105
j  org.springframework.security.web.FilterChainProxy.doFilterInternal(Ljakarta/servlet/ServletRequest;Ljakarta/servlet/ServletResponse;Ljakarta/servlet/FilterChain;)V+163
j  org.springframework.security.web.FilterChainProxy.doFilter(Ljakarta/servlet/ServletRequest;Ljakarta/servlet/ServletResponse;Ljakarta/servlet/FilterChain;)V+48
j  org.springframework.web.filter.DelegatingFilterProxy.invokeDelegate(Ljakarta/servlet/Filter;Ljakarta/servlet/ServletRequest;Ljakarta/servlet/ServletResponse;Ljakarta/servlet/FilterChain;)V+5
j  org.springframework.web.filter.DelegatingFilterProxy.doFilter(Ljakarta/servlet/ServletRequest;Ljakarta/servlet/ServletResponse;Ljakarta/servlet/FilterChain;)V+85
j  org.apache.catalina.core.ApplicationFilterChain.internalDoFilter(Ljakarta/servlet/ServletRequest;Ljakarta/servlet/ServletResponse;)V+135
j  org.apache.catalina.core.ApplicationFilterChain.doFilter(Ljakarta/servlet/ServletRequest;Ljakarta/servlet/ServletResponse;)V+99
j  org.springframework.web.filter.RequestContextFilter.doFilterInternal(Ljakarta/servlet/http/HttpServletRequest;Ljakarta/servlet/http/HttpServletResponse;Ljakarta/servlet/FilterChain;)V+21
j  org.springframework.web.filter.OncePerRequestFilter.doFilter(Ljakarta/servlet/ServletRequest;Ljakarta/servlet/ServletResponse;Ljakarta/servlet/FilterChain;)V+150
j  org.apache.catalina.core.ApplicationFilterChain.internalDoFilter(Ljakarta/servlet/ServletRequest;Ljakarta/servlet/ServletResponse;)V+135
j  org.apache.catalina.core.ApplicationFilterChain.doFilter(Ljakarta/servlet/ServletRequest;Ljakarta/servlet/ServletResponse;)V+99
j  org.springframework.web.filter.FormContentFilter.doFilterInternal(Ljakarta/servlet/http/HttpServletRequest;Ljakarta/servlet/http/HttpServletResponse;Ljakarta/servlet/FilterChain;)V+38
j  org.springframework.web.filter.OncePerRequestFilter.doFilter(Ljakarta/servlet/ServletRequest;Ljakarta/servlet/ServletResponse;Ljakarta/servlet/FilterChain;)V+150
j  org.apache.catalina.core.ApplicationFilterChain.internalDoFilter(Ljakarta/servlet/ServletRequest;Ljakarta/servlet/ServletResponse;)V+135
j  org.apache.catalina.core.ApplicationFilterChain.doFilter(Ljakarta/servlet/ServletRequest;Ljakarta/servlet/ServletResponse;)V+99
j  org.springframework.web.filter.CharacterEncodingFilter.doFilterInternal(Ljakarta/servlet/http/HttpServletRequest;Ljakarta/servlet/http/HttpServletResponse;Ljakarta/servlet/FilterChain;)V+53
j  org.springframework.web.filter.OncePerRequestFilter.doFilter(Ljakarta/servlet/ServletRequest;Ljakarta/servlet/ServletResponse;Ljakarta/servlet/FilterChain;)V+150
j  org.apache.catalina.core.ApplicationFilterChain.internalDoFilter(Ljakarta/servlet/ServletRequest;Ljakarta/servlet/ServletResponse;)V+135
j  org.apache.catalina.core.ApplicationFilterChain.doFilter(Ljakarta/servlet/ServletRequest;Ljakarta/servlet/ServletResponse;)V+99
j  org.apache.catalina.core.StandardWrapperValve.invoke(Lorg/apache/catalina/connector/Request;Lorg/apache/catalina/connector/Response;)V+514
j  org.apache.catalina.core.StandardContextValve.invoke(Lorg/apache/catalina/connector/Request;Lorg/apache/catalina/connector/Response;)V+169
j  org.apache.catalina.authenticator.AuthenticatorBase.invoke(Lorg/apache/catalina/connector/Request;Lorg/apache/catalina/connector/Response;)V+218
j  org.apache.catalina.core.StandardHostValve.invoke(Lorg/apache/catalina/connector/Request;Lorg/apache/catalina/connector/Response;)V+131
j  org.apache.catalina.valves.ErrorReportValve.invoke(Lorg/apache/catalina/connector/Request;Lorg/apache/catalina/connector/Response;)V+6
j  org.apache.catalina.core.StandardEngineValve.invoke(Lorg/apache/catalina/connector/Request;Lorg/apache/catalina/connector/Response;)V+59
j  org.apache.catalina.connector.CoyoteAdapter.service(Lorg/apache/coyote/Request;Lorg/apache/coyote/Response;)V+187
j  org.apache.coyote.http11.Http11Processor.service(Lorg/apache/tomcat/util/net/SocketWrapperBase;)Lorg/apache/tomcat/util/net/AbstractEndpoint$Handler$SocketState;+785
j  org.apache.coyote.AbstractProcessorLight.process(Lorg/apache/tomcat/util/net/SocketWrapperBase;Lorg/apache/tomcat/util/net/SocketEvent;)Lorg/apache/tomcat/util/net/AbstractEndpoint$Handler$SocketState;+152
j  org.apache.coyote.AbstractProtocol$ConnectionHandler.process(Lorg/apache/tomcat/util/net/SocketWrapperBase;Lorg/apache/tomcat/util/net/SocketEvent;)Lorg/apache/tomcat/util/net/AbstractEndpoint$Handler$SocketState;+482
j  org.apache.tomcat.util.net.NioEndpoint$SocketProcessor.doRun()V+249
j  org.apache.tomcat.util.net.SocketProcessorBase.run()V+32
j  org.apache.tomcat.util.threads.ThreadPoolExecutor.runWorker(Lorg/apache/tomcat/util/threads/ThreadPoolExecutor$Worker;)V+92
j  org.apache.tomcat.util.threads.ThreadPoolExecutor$Worker.run()V+5
j  org.apache.tomcat.util.threads.TaskThread$WrappingRunnable.run()V+4
j  java.lang.Thread.run()V+11 java.base@17.0.6
v  ~StubRoutines::call_stub

---------------  P R O C E S S  ---------------

Threads class SMR info:
_java_thread_list=0x000001a049a1e2a0, length=35, elements={
0x000001a038efd5c0, 0x000001a043ddd690, 0x000001a043dde690, 0x000001a043dc2a20,
0x000001a043dc42f0, 0x000001a043dc4bb0, 0x000001a04480e480, 0x000001a04480edf0,
0x000001a043e22cf0, 0x000001a038fa36c0, 0x000001a044a35450, 0x000001a044ac7060,
0x000001a045253920, 0x000001a04526d350, 0x000001a0452a98b0, 0x000001a0452aa2f0,
0x000001a0452e9fe0, 0x000001a046064950, 0x000001a046b26980, 0x000001a046b26e50,
0x000001a046b277f0, 0x000001a046b27cc0, 0x000001a046b264b0, 0x000001a049dca250,
0x000001a049dcc400, 0x000001a049dc5550, 0x000001a049dcba60, 0x000001a049dc9d80,
0x000001a049dcabf0, 0x000001a049dc5ef0, 0x000001a049dc8570, 0x000001a049dc5a20,
0x000001a049dcb0c0, 0x000001a049dc80a0, 0x000001a049dc93e0
}

Java Threads: ( => current thread )
  0x000001a038efd5c0 JavaThread "main" [_thread_in_Java, id=3020, stack(0x0000006d73400000,0x0000006d73500000)]
  0x000001a043ddd690 JavaThread "Reference Handler" daemon [_thread_blocked, id=11456, stack(0x0000006d73b00000,0x0000006d73c00000)]
  0x000001a043dde690 JavaThread "Finalizer" daemon [_thread_blocked, id=3396, stack(0x0000006d73c00000,0x0000006d73d00000)]
  0x000001a043dc2a20 JavaThread "Signal Dispatcher" daemon [_thread_blocked, id=14428, stack(0x0000006d73d00000,0x0000006d73e00000)]
  0x000001a043dc42f0 JavaThread "Attach Listener" daemon [_thread_blocked, id=3940, stack(0x0000006d73e00000,0x0000006d73f00000)]
  0x000001a043dc4bb0 JavaThread "Service Thread" daemon [_thread_blocked, id=15160, stack(0x0000006d73f00000,0x0000006d74000000)]
  0x000001a04480e480 JavaThread "Monitor Deflation Thread" daemon [_thread_blocked, id=9804, stack(0x0000006d74000000,0x0000006d74100000)]
  0x000001a04480edf0 JavaThread "C1 CompilerThread0" daemon [_thread_blocked, id=11096, stack(0x0000006d74100000,0x0000006d74200000)]
  0x000001a043e22cf0 JavaThread "Sweeper thread" daemon [_thread_blocked, id=13156, stack(0x0000006d74200000,0x0000006d74300000)]
  0x000001a038fa36c0 JavaThread "Common-Cleaner" daemon [_thread_blocked, id=13176, stack(0x0000006d74300000,0x0000006d74400000)]
  0x000001a044a35450 JavaThread "Notification Thread" daemon [_thread_blocked, id=9240, stack(0x0000006d74500000,0x0000006d74600000)]
  0x000001a044ac7060 JavaThread "RMI TCP Accept-0" daemon [_thread_in_native, id=16320, stack(0x0000006d74900000,0x0000006d74a00000)]
  0x000001a045253920 JavaThread "RMI TCP Accept-52176" daemon [_thread_in_native, id=5432, stack(0x0000006d74a00000,0x0000006d74b00000)]
  0x000001a04526d350 JavaThread "RMI TCP Accept-0" daemon [_thread_in_native, id=12540, stack(0x0000006d74b00000,0x0000006d74c00000)]
  0x000001a0452a98b0 JavaThread "RMI TCP Connection(idle)" daemon [_thread_blocked, id=9060, stack(0x0000006d74d00000,0x0000006d74e00000)]
  0x000001a0452aa2f0 JavaThread "RMI TCP Connection(2)-127.0.0.1" daemon [_thread_in_native, id=8368, stack(0x0000006d74e00000,0x0000006d74f00000)]
  0x000001a0452e9fe0 JavaThread "RMI Scheduler(0)" daemon [_thread_blocked, id=11532, stack(0x0000006d74f00000,0x0000006d75000000)]
  0x000001a046064950 JavaThread "JMX server connection timeout 21" daemon [_thread_blocked, id=10268, stack(0x0000006d75000000,0x0000006d75100000)]
  0x000001a046b26980 JavaThread "mysql-cj-abandoned-connection-cleanup" daemon [_thread_blocked, id=9212, stack(0x0000006d75100000,0x0000006d75200000)]
  0x000001a046b26e50 JavaThread "HikariPool-1 housekeeper" daemon [_thread_blocked, id=5736, stack(0x0000006d75300000,0x0000006d75400000)]
  0x000001a046b277f0 JavaThread "Catalina-utility-1" [_thread_blocked, id=7028, stack(0x0000006d75600000,0x0000006d75700000)]
  0x000001a046b27cc0 JavaThread "Catalina-utility-2" [_thread_in_vm, id=11452, stack(0x0000006d75700000,0x0000006d75800000)]
  0x000001a046b264b0 JavaThread "container-0" [_thread_blocked, id=6012, stack(0x0000006d75800000,0x0000006d75900000)]
=>0x000001a049dca250 JavaThread "http-nio-8080-exec-1" daemon [_thread_in_vm, id=14436, stack(0x0000006d75400000,0x0000006d75500000)]
  0x000001a049dcc400 JavaThread "http-nio-8080-exec-2" daemon [_thread_blocked, id=8540, stack(0x0000006d75900000,0x0000006d75a00000)]
  0x000001a049dc5550 JavaThread "http-nio-8080-exec-3" daemon [_thread_blocked, id=32, stack(0x0000006d75a00000,0x0000006d75b00000)]
  0x000001a049dcba60 JavaThread "http-nio-8080-exec-4" daemon [_thread_blocked, id=7720, stack(0x0000006d75b00000,0x0000006d75c00000)]
  0x000001a049dc9d80 JavaThread "http-nio-8080-exec-5" daemon [_thread_blocked, id=6380, stack(0x0000006d75c00000,0x0000006d75d00000)]
  0x000001a049dcabf0 JavaThread "http-nio-8080-exec-6" daemon [_thread_blocked, id=14400, stack(0x0000006d75d00000,0x0000006d75e00000)]
  0x000001a049dc5ef0 JavaThread "http-nio-8080-exec-7" daemon [_thread_blocked, id=12948, stack(0x0000006d75e00000,0x0000006d75f00000)]
  0x000001a049dc8570 JavaThread "http-nio-8080-exec-8" daemon [_thread_blocked, id=11168, stack(0x0000006d75f00000,0x0000006d76000000)]
  0x000001a049dc5a20 JavaThread "http-nio-8080-exec-9" daemon [_thread_blocked, id=2452, stack(0x0000006d76000000,0x0000006d76100000)]
  0x000001a049dcb0c0 JavaThread "http-nio-8080-exec-10" daemon [_thread_blocked, id=7688, stack(0x0000006d76100000,0x0000006d76200000)]
  0x000001a049dc80a0 JavaThread "http-nio-8080-Poller" daemon [_thread_in_native, id=1020, stack(0x0000006d76200000,0x0000006d76300000)]
  0x000001a049dc93e0 JavaThread "http-nio-8080-Acceptor" daemon [_thread_in_native, id=5108, stack(0x0000006d76300000,0x0000006d76400000)]

Other Threads:
  0x000001a043db3a30 VMThread "VM Thread" [stack: 0x0000006d73a00000,0x0000006d73b00000] [id=5572]
  0x000001a044bfd970 WatcherThread [stack: 0x0000006d74c00000,0x0000006d74d00000] [id=11492]
  0x000001a038f37500 GCTaskThread "GC Thread#0" [stack: 0x0000006d73500000,0x0000006d73600000] [id=7272]
  0x000001a045232f80 GCTaskThread "GC Thread#1" [stack: 0x0000006d74600000,0x0000006d74700000] [id=3240]
  0x000001a045259510 GCTaskThread "GC Thread#2" [stack: 0x0000006d74700000,0x0000006d74800000] [id=2424]
  0x000001a0452597c0 GCTaskThread "GC Thread#3" [stack: 0x0000006d74800000,0x0000006d74900000] [id=12056]
  0x000001a038f410e0 ConcurrentGCThread "G1 Main Marker" [stack: 0x0000006d73600000,0x0000006d73700000] [id=4764]
  0x000001a038f41a00 ConcurrentGCThread "G1 Conc#0" [stack: 0x0000006d73700000,0x0000006d73800000] [id=15088]
  0x000001a038f958b0 ConcurrentGCThread "G1 Refine#0" [stack: 0x0000006d73800000,0x0000006d73900000] [id=6340]
  0x000001a0463e7040 ConcurrentGCThread "G1 Refine#1" [stack: 0x0000006d75500000,0x0000006d75600000] [id=10056]
  0x000001a038f961e0 ConcurrentGCThread "G1 Service" [stack: 0x0000006d73900000,0x0000006d73a00000] [id=14996]

Threads with active compile tasks:

VM state: not at safepoint (normal execution)

VM Mutex/Monitor currently owned by a thread:  ([mutex/lock_event])
[0x000001a038ef7bd0] Metaspace_lock - owner thread: 0x000001a049dca250

Heap address: 0x00000000c1400000, size: 1004 MB, Compressed Oops mode: 32-bit

CDS archive(s) not mapped
Compressed class space mapped at: 0x0000000100000000-0x0000000140000000, reserved size: 1073741824
Narrow klass base: 0x0000000000000000, Narrow klass shift: 3, Narrow klass range: 0x140000000

GC Precious Log:
 CPUs: 4 total, 4 available
 Memory: 4012M
 Large Page Support: Disabled
 NUMA Support: Disabled
 Compressed Oops: Enabled (32-bit)
 Heap Region Size: 1M
 Heap Min Capacity: 8M
 Heap Initial Capacity: 64M
 Heap Max Capacity: 1004M
 Pre-touch: Disabled
 Parallel Workers: 4
 Concurrent Workers: 1
 Concurrent Refinement Workers: 4
 Periodic GC: Disabled

Heap:
 garbage-first heap   total 71680K, used 40358K [0x00000000c1400000, 0x0000000100000000)
  region size 1024K, 9 young (9216K), 2 survivors (2048K)
 Metaspace       used 77113K, committed 77696K, reserved 1122304K
  class space    used 10676K, committed 10944K, reserved 1048576K

Heap Regions: E=young(eden), S=young(survivor), O=old, HS=humongous(starts), HC=humongous(continues), CS=collection set, F=free, OA=open archive, CA=closed archive, TAMS=top-at-mark-start (previous, next)
|   0|0x00000000c1400000, 0x00000000c1500000, 0x00000000c1500000|100%|HS|  |TAMS 0x00000000c1500000, 0x00000000c1400000| Complete 
|   1|0x00000000c1500000, 0x00000000c1600000, 0x00000000c1600000|100%|HS|  |TAMS 0x00000000c1600000, 0x00000000c1500000| Complete 
|   2|0x00000000c1600000, 0x00000000c1700000, 0x00000000c1700000|100%| O|  |TAMS 0x00000000c1700000, 0x00000000c1600000| Untracked 
|   3|0x00000000c1700000, 0x00000000c1800000, 0x00000000c1800000|100%| O|  |TAMS 0x00000000c1800000, 0x00000000c1700000| Untracked 
|   4|0x00000000c1800000, 0x00000000c1900000, 0x00000000c1900000|100%| O|  |TAMS 0x00000000c1900000, 0x00000000c1800000| Untracked 
|   5|0x00000000c1900000, 0x00000000c1a00000, 0x00000000c1a00000|100%| O|  |TAMS 0x00000000c1a00000, 0x00000000c1900000| Untracked 
|   6|0x00000000c1a00000, 0x00000000c1b00000, 0x00000000c1b00000|100%| O|  |TAMS 0x00000000c1b00000, 0x00000000c1a00000| Untracked 
|   7|0x00000000c1b00000, 0x00000000c1c00000, 0x00000000c1c00000|100%| O|  |TAMS 0x00000000c1c00000, 0x00000000c1b00000| Untracked 
|   8|0x00000000c1c00000, 0x00000000c1d00000, 0x00000000c1d00000|100%| O|  |TAMS 0x00000000c1d00000, 0x00000000c1c00000| Untracked 
|   9|0x00000000c1d00000, 0x00000000c1e00000, 0x00000000c1e00000|100%| O|  |TAMS 0x00000000c1e00000, 0x00000000c1d00000| Untracked 
|  10|0x00000000c1e00000, 0x00000000c1f00000, 0x00000000c1f00000|100%| O|  |TAMS 0x00000000c1f00000, 0x00000000c1e00000| Untracked 
|  11|0x00000000c1f00000, 0x00000000c2000000, 0x00000000c2000000|100%| O|  |TAMS 0x00000000c2000000, 0x00000000c1f00000| Untracked 
|  12|0x00000000c2000000, 0x00000000c2100000, 0x00000000c2100000|100%| O|  |TAMS 0x00000000c2100000, 0x00000000c2000000| Untracked 
|  13|0x00000000c2100000, 0x00000000c2200000, 0x00000000c2200000|100%| O|  |TAMS 0x00000000c2200000, 0x00000000c2100000| Untracked 
|  14|0x00000000c2200000, 0x00000000c2300000, 0x00000000c2300000|100%| O|  |TAMS 0x00000000c2300000, 0x00000000c2200000| Untracked 
|  15|0x00000000c2300000, 0x00000000c238ae00, 0x00000000c2400000| 54%| O|  |TAMS 0x00000000c238ae00, 0x00000000c2300000| Untracked 
|  16|0x00000000c2400000, 0x00000000c2500000, 0x00000000c2500000|100%| O|  |TAMS 0x00000000c2500000, 0x00000000c2400000| Untracked 
|  17|0x00000000c2500000, 0x00000000c2600000, 0x00000000c2600000|100%| O|  |TAMS 0x00000000c2600000, 0x00000000c2500000| Untracked 
|  18|0x00000000c2600000, 0x00000000c2700000, 0x00000000c2700000|100%| O|  |TAMS 0x00000000c2700000, 0x00000000c2600000| Untracked 
|  19|0x00000000c2700000, 0x00000000c2800000, 0x00000000c2800000|100%| O|  |TAMS 0x00000000c2800000, 0x00000000c2700000| Untracked 
|  20|0x00000000c2800000, 0x00000000c2900000, 0x00000000c2900000|100%| O|  |TAMS 0x00000000c2900000, 0x00000000c2800000| Untracked 
|  21|0x00000000c2900000, 0x00000000c2a00000, 0x00000000c2a00000|100%| O|  |TAMS 0x00000000c2a00000, 0x00000000c2900000| Untracked 
|  22|0x00000000c2a00000, 0x00000000c2b00000, 0x00000000c2b00000|100%| O|  |TAMS 0x00000000c2a00000, 0x00000000c2a00000| Untracked 
|  23|0x00000000c2b00000, 0x00000000c2c00000, 0x00000000c2c00000|100%| O|  |TAMS 0x00000000c2b00000, 0x00000000c2b00000| Untracked 
|  24|0x00000000c2c00000, 0x00000000c2d00000, 0x00000000c2d00000|100%| O|  |TAMS 0x00000000c2c00000, 0x00000000c2c00000| Untracked 
|  25|0x00000000c2d00000, 0x00000000c2e00000, 0x00000000c2e00000|100%| O|  |TAMS 0x00000000c2d00000, 0x00000000c2d00000| Untracked 
|  26|0x00000000c2e00000, 0x00000000c2f00000, 0x00000000c2f00000|100%| O|  |TAMS 0x00000000c2e00000, 0x00000000c2e00000| Untracked 
|  27|0x00000000c2f00000, 0x00000000c3000000, 0x00000000c3000000|100%| O|  |TAMS 0x00000000c2f00000, 0x00000000c2f00000| Untracked 
|  28|0x00000000c3000000, 0x00000000c3100000, 0x00000000c3100000|100%| O|  |TAMS 0x00000000c3100000, 0x00000000c3000000| Untracked 
|  29|0x00000000c3100000, 0x00000000c3200000, 0x00000000c3200000|100%| O|  |TAMS 0x00000000c310c800, 0x00000000c3100000| Untracked 
|  30|0x00000000c3200000, 0x00000000c3300000, 0x00000000c3300000|100%| O|  |TAMS 0x00000000c3200000, 0x00000000c3200000| Untracked 
|  31|0x00000000c3300000, 0x00000000c3400000, 0x00000000c3400000|100%| O|  |TAMS 0x00000000c3300000, 0x00000000c3300000| Untracked 
|  32|0x00000000c3400000, 0x00000000c34f3e00, 0x00000000c3500000| 95%| O|  |TAMS 0x00000000c3400000, 0x00000000c3400000| Untracked 
|  33|0x00000000c3500000, 0x00000000c3500000, 0x00000000c3600000|  0%| F|  |TAMS 0x00000000c3500000, 0x00000000c3500000| Untracked 
|  34|0x00000000c3600000, 0x00000000c3600000, 0x00000000c3700000|  0%| F|  |TAMS 0x00000000c3600000, 0x00000000c3600000| Untracked 
|  35|0x00000000c3700000, 0x00000000c3700000, 0x00000000c3800000|  0%| F|  |TAMS 0x00000000c3700000, 0x00000000c3700000| Untracked 
|  36|0x00000000c3800000, 0x00000000c3800000, 0x00000000c3900000|  0%| F|  |TAMS 0x00000000c3800000, 0x00000000c3800000| Untracked 
|  37|0x00000000c3900000, 0x00000000c3900000, 0x00000000c3a00000|  0%| F|  |TAMS 0x00000000c3900000, 0x00000000c3900000| Untracked 
|  38|0x00000000c3a00000, 0x00000000c3a00000, 0x00000000c3b00000|  0%| F|  |TAMS 0x00000000c3a00000, 0x00000000c3a00000| Untracked 
|  39|0x00000000c3b00000, 0x00000000c3b00000, 0x00000000c3c00000|  0%| F|  |TAMS 0x00000000c3b00000, 0x00000000c3b00000| Untracked 
|  40|0x00000000c3c00000, 0x00000000c3c00000, 0x00000000c3d00000|  0%| F|  |TAMS 0x00000000c3c00000, 0x00000000c3c00000| Untracked 
|  41|0x00000000c3d00000, 0x00000000c3d00000, 0x00000000c3e00000|  0%| F|  |TAMS 0x00000000c3d00000, 0x00000000c3d00000| Untracked 
|  42|0x00000000c3e00000, 0x00000000c3e00000, 0x00000000c3f00000|  0%| F|  |TAMS 0x00000000c3e00000, 0x00000000c3e00000| Untracked 
|  43|0x00000000c3f00000, 0x00000000c3f00000, 0x00000000c4000000|  0%| F|  |TAMS 0x00000000c3f00000, 0x00000000c3f00000| Untracked 
|  44|0x00000000c4000000, 0x00000000c4000000, 0x00000000c4100000|  0%| F|  |TAMS 0x00000000c4000000, 0x00000000c4000000| Untracked 
|  45|0x00000000c4100000, 0x00000000c41ead78, 0x00000000c4200000| 91%| S|CS|TAMS 0x00000000c4100000, 0x00000000c4100000| Complete 
|  46|0x00000000c4200000, 0x00000000c4300000, 0x00000000c4300000|100%| S|CS|TAMS 0x00000000c4200000, 0x00000000c4200000| Complete 
|  47|0x00000000c4300000, 0x00000000c4300000, 0x00000000c4400000|  0%| F|  |TAMS 0x00000000c4300000, 0x00000000c4300000| Untracked 
|  48|0x00000000c4400000, 0x00000000c4400000, 0x00000000c4500000|  0%| F|  |TAMS 0x00000000c4400000, 0x00000000c4400000| Untracked 
|  49|0x00000000c4500000, 0x00000000c4500000, 0x00000000c4600000|  0%| F|  |TAMS 0x00000000c4500000, 0x00000000c4500000| Untracked 
|  50|0x00000000c4600000, 0x00000000c4600000, 0x00000000c4700000|  0%| F|  |TAMS 0x00000000c4600000, 0x00000000c4600000| Untracked 
|  51|0x00000000c4700000, 0x00000000c4700000, 0x00000000c4800000|  0%| F|  |TAMS 0x00000000c4700000, 0x00000000c4700000| Untracked 
|  52|0x00000000c4800000, 0x00000000c4800000, 0x00000000c4900000|  0%| F|  |TAMS 0x00000000c4800000, 0x00000000c4800000| Untracked 
|  53|0x00000000c4900000, 0x00000000c4900000, 0x00000000c4a00000|  0%| F|  |TAMS 0x00000000c4900000, 0x00000000c4900000| Untracked 
|  54|0x00000000c4a00000, 0x00000000c4a00000, 0x00000000c4b00000|  0%| F|  |TAMS 0x00000000c4a00000, 0x00000000c4a00000| Untracked 
|  55|0x00000000c4b00000, 0x00000000c4b00000, 0x00000000c4c00000|  0%| F|  |TAMS 0x00000000c4b00000, 0x00000000c4b00000| Untracked 
|  56|0x00000000c4c00000, 0x00000000c4c00000, 0x00000000c4d00000|  0%| F|  |TAMS 0x00000000c4c00000, 0x00000000c4c00000| Untracked 
|  57|0x00000000c4d00000, 0x00000000c4d00000, 0x00000000c4e00000|  0%| F|  |TAMS 0x00000000c4d00000, 0x00000000c4d00000| Untracked 
|  58|0x00000000c4e00000, 0x00000000c4e00000, 0x00000000c4f00000|  0%| F|  |TAMS 0x00000000c4e00000, 0x00000000c4e00000| Untracked 
|  59|0x00000000c4f00000, 0x00000000c4f00000, 0x00000000c5000000|  0%| F|  |TAMS 0x00000000c4f00000, 0x00000000c4f00000| Untracked 
|  60|0x00000000c5000000, 0x00000000c5000000, 0x00000000c5100000|  0%| F|  |TAMS 0x00000000c5000000, 0x00000000c5000000| Untracked 
|  61|0x00000000c5100000, 0x00000000c5100000, 0x00000000c5200000|  0%| F|  |TAMS 0x00000000c5100000, 0x00000000c5100000| Untracked 
|  62|0x00000000c5200000, 0x00000000c5200000, 0x00000000c5300000|  0%| F|  |TAMS 0x00000000c5200000, 0x00000000c5200000| Untracked 
|  63|0x00000000c5300000, 0x00000000c5300800, 0x00000000c5400000|  0%| E|  |TAMS 0x00000000c5300000, 0x00000000c5300000| Complete 
|  64|0x00000000c5400000, 0x00000000c5500000, 0x00000000c5500000|100%| E|CS|TAMS 0x00000000c5400000, 0x00000000c5400000| Complete 
|  65|0x00000000c5500000, 0x00000000c5600000, 0x00000000c5600000|100%| E|  |TAMS 0x00000000c5500000, 0x00000000c5500000| Complete 
|  66|0x00000000c5600000, 0x00000000c5700000, 0x00000000c5700000|100%| E|CS|TAMS 0x00000000c5600000, 0x00000000c5600000| Complete 
|  67|0x00000000c5700000, 0x00000000c5800000, 0x00000000c5800000|100%| E|CS|TAMS 0x00000000c5700000, 0x00000000c5700000| Complete 
|  68|0x00000000c5800000, 0x00000000c5900000, 0x00000000c5900000|100%| E|CS|TAMS 0x00000000c5800000, 0x00000000c5800000| Complete 
|  81|0x00000000c6500000, 0x00000000c6600000, 0x00000000c6600000|100%| E|CS|TAMS 0x00000000c6500000, 0x00000000c6500000| Complete 

Card table byte_map: [0x000001a03f5a0000,0x000001a03f7a0000] _byte_map_base: 0x000001a03ef96000

Marking Bits (Prev, Next): (CMBitMap*) 0x000001a038f38a70, (CMBitMap*) 0x000001a038f38a30
 Prev Bits: [0x000001a040950000, 0x000001a041900000)
 Next Bits: [0x000001a03f9a0000, 0x000001a040950000)

Polling page: 0x000001a036e70000

Metaspace:

Usage:
  Non-class:     64.88 MB used.
      Class:     10.43 MB used.
       Both:     75.31 MB used.

Virtual space:
  Non-class space:       72.00 MB reserved,      65.19 MB ( 91%) committed,  9 nodes.
      Class space:        1.00 GB reserved,      10.69 MB (  1%) committed,  1 nodes.
             Both:        1.07 GB reserved,      75.88 MB (  7%) committed. 

Chunk freelists:
   Non-Class:  2.55 MB
       Class:  1.12 MB
        Both:  3.67 MB

MaxMetaspaceSize: unlimited
CompressedClassSpaceSize: 1.00 GB
Initial GC threshold: 21.00 MB
Current GC threshold: 98.56 MB
CDS: off
MetaspaceReclaimPolicy: balanced
 - commit_granule_bytes: 65536.
 - commit_granule_words: 8192.
 - virtual_space_node_default_size: 1048576.
 - enlarge_chunks_in_place: 1.
 - new_chunks_are_fully_committed: 0.
 - uncommit_free_chunks: 1.
 - use_allocation_guard: 0.
 - handle_deallocations: 1.


Internal statistics:

num_allocs_failed_limit: 9.
num_arena_births: 904.
num_arena_deaths: 0.
num_vsnodes_births: 10.
num_vsnodes_deaths: 0.
num_space_committed: 1214.
num_space_uncommitted: 0.
num_chunks_returned_to_freelist: 9.
num_chunks_taken_from_freelist: 3437.
num_chunk_merges: 6.
num_chunk_splits: 2495.
num_chunks_enlarged: 1922.
num_purges: 0.
num_inconsistent_stats: 0.

CodeCache: size=49152Kb used=10116Kb max_used=10116Kb free=39036Kb
 bounds [0x000001a03c5a0000, 0x000001a03cf90000, 0x000001a03f5a0000]
 total_blobs=6508 nmethods=5827 adapters=608
 compilation: disabled (not enough contiguous free space left)
              stopped_count=1, restarted_count=0
 full_count=1

Compilation events (20 events):
Event: 35.706 Thread 0x000001a04480edf0 5816       1       java.util.concurrent.ConcurrentHashMap::entrySet (25 bytes)
Event: 35.706 Thread 0x000001a04480edf0 nmethod 5816 0x000001a03cf7cf90 code [0x000001a03cf7d120, 0x000001a03cf7d318]
Event: 35.706 Thread 0x000001a04480edf0 5817       1       java.util.concurrent.ConcurrentHashMap$EntrySetView::iterator (34 bytes)
Event: 35.707 Thread 0x000001a04480edf0 nmethod 5817 0x000001a03cf7d390 code [0x000001a03cf7d540, 0x000001a03cf7d758]
Event: 35.707 Thread 0x000001a04480edf0 5818       1       java.util.concurrent.ConcurrentHashMap$EntryIterator::<init> (12 bytes)
Event: 35.707 Thread 0x000001a04480edf0 nmethod 5818 0x000001a03cf7d890 code [0x000001a03cf7da40, 0x000001a03cf7db98]
Event: 35.719 Thread 0x000001a04480edf0 5819       1       java.util.ResourceBundle$KeyElementReference::<init> (12 bytes)
Event: 35.719 Thread 0x000001a04480edf0 nmethod 5819 0x000001a03cf7dc90 code [0x000001a03cf7de20, 0x000001a03cf7e018]
Event: 35.756 Thread 0x000001a04480edf0 5820       1       java.lang.invoke.LambdaForm::arity (5 bytes)
Event: 35.756 Thread 0x000001a04480edf0 nmethod 5820 0x000001a03cf7e390 code [0x000001a03cf7e520, 0x000001a03cf7e5f8]
Event: 35.768 Thread 0x000001a04480edf0 5822       1       java.nio.HeapByteBuffer::put (17 bytes)
Event: 35.769 Thread 0x000001a04480edf0 nmethod 5822 0x000001a03cf7ef90 code [0x000001a03cf7f120, 0x000001a03cf7f238]
Event: 35.769 Thread 0x000001a04480edf0 5823   !   1       org.apache.tomcat.util.http.parser.HttpParser::isControl (9 bytes)
Event: 35.769 Thread 0x000001a04480edf0 nmethod 5823 0x000001a03cf7f390 code [0x000001a03cf7f520, 0x000001a03cf7f638]
Event: 36.474 Thread 0x000001a04480edf0 5824       1       org.apache.tomcat.util.http.MimeHeaderField::getName (5 bytes)
Event: 36.475 Thread 0x000001a04480edf0 nmethod 5824 0x000001a03cf7f710 code [0x000001a03cf7f8a0, 0x000001a03cf7f978]
Event: 36.478 Thread 0x000001a04480edf0 5825       1       java.util.IdentityHashMap::init (11 bytes)
Event: 36.479 Thread 0x000001a04480edf0 nmethod 5825 0x000001a03cf7fa10 code [0x000001a03cf7fba0, 0x000001a03cf7fd58]
Event: 36.479 Thread 0x000001a04480edf0 5826   !   1       org.apache.tomcat.util.http.parser.HttpParser::isToken (9 bytes)
Event: 36.518 Thread 0x000001a04480edf0 


GC Heap History (20 events):
Event: 6.399 GC heap before
{Heap before GC invocations=9 (full 0):
 garbage-first heap   total 48128K, used 33639K [0x00000000c1400000, 0x0000000100000000)
  region size 1024K, 19 young (19456K), 3 survivors (3072K)
 Metaspace       used 33075K, committed 33408K, reserved 1081344K
  class space    used 4183K, committed 4352K, reserved 1048576K
}
Event: 6.413 GC heap after
{Heap after GC invocations=10 (full 0):
 garbage-first heap   total 83968K, used 18784K [0x00000000c1400000, 0x0000000100000000)
  region size 1024K, 3 young (3072K), 3 survivors (3072K)
 Metaspace       used 33075K, committed 33408K, reserved 1081344K
  class space    used 4183K, committed 4352K, reserved 1048576K
}
Event: 7.220 GC heap before
{Heap before GC invocations=10 (full 0):
 garbage-first heap   total 83968K, used 33120K [0x00000000c1400000, 0x0000000100000000)
  region size 1024K, 18 young (18432K), 3 survivors (3072K)
 Metaspace       used 35738K, committed 36096K, reserved 1081344K
  class space    used 4588K, committed 4800K, reserved 1048576K
}
Event: 7.236 GC heap after
{Heap after GC invocations=11 (full 0):
 garbage-first heap   total 83968K, used 20011K [0x00000000c1400000, 0x0000000100000000)
  region size 1024K, 4 young (4096K), 4 survivors (4096K)
 Metaspace       used 35738K, committed 36096K, reserved 1081344K
  class space    used 4588K, committed 4800K, reserved 1048576K
}
Event: 8.822 GC heap before
{Heap before GC invocations=12 (full 0):
 garbage-first heap   total 71680K, used 58923K [0x00000000c1400000, 0x0000000100000000)
  region size 1024K, 42 young (43008K), 4 survivors (4096K)
 Metaspace       used 43448K, committed 43904K, reserved 1089536K
  class space    used 5543K, committed 5760K, reserved 1048576K
}
Event: 8.847 GC heap after
{Heap after GC invocations=13 (full 0):
 garbage-first heap   total 71680K, used 23375K [0x00000000c1400000, 0x0000000100000000)
  region size 1024K, 6 young (6144K), 6 survivors (6144K)
 Metaspace       used 43448K, committed 43904K, reserved 1089536K
  class space    used 5543K, committed 5760K, reserved 1048576K
}
Event: 10.840 GC heap before
{Heap before GC invocations=13 (full 0):
 garbage-first heap   total 71680K, used 53071K [0x00000000c1400000, 0x0000000100000000)
  region size 1024K, 35 young (35840K), 6 survivors (6144K)
 Metaspace       used 50202K, committed 50688K, reserved 1097728K
  class space    used 6592K, committed 6784K, reserved 1048576K
}
Event: 10.852 GC heap after
{Heap after GC invocations=14 (full 0):
 garbage-first heap   total 71680K, used 25115K [0x00000000c1400000, 0x0000000100000000)
  region size 1024K, 2 young (2048K), 2 survivors (2048K)
 Metaspace       used 50202K, committed 50688K, reserved 1097728K
  class space    used 6592K, committed 6784K, reserved 1048576K
}
Event: 14.362 GC heap before
{Heap before GC invocations=14 (full 0):
 garbage-first heap   total 71680K, used 54811K [0x00000000c1400000, 0x0000000100000000)
  region size 1024K, 31 young (31744K), 2 survivors (2048K)
 Metaspace       used 57099K, committed 57600K, reserved 1105920K
  class space    used 7481K, committed 7744K, reserved 1048576K
}
Event: 14.369 GC heap after
{Heap after GC invocations=15 (full 0):
 garbage-first heap   total 71680K, used 26569K [0x00000000c1400000, 0x0000000100000000)
  region size 1024K, 4 young (4096K), 4 survivors (4096K)
 Metaspace       used 57099K, committed 57600K, reserved 1105920K
  class space    used 7481K, committed 7744K, reserved 1048576K
}
Event: 15.474 GC heap before
{Heap before GC invocations=15 (full 0):
 garbage-first heap   total 71680K, used 34761K [0x00000000c1400000, 0x0000000100000000)
  region size 1024K, 13 young (13312K), 4 survivors (4096K)
 Metaspace       used 59907K, committed 60416K, reserved 1105920K
  class space    used 8028K, committed 8320K, reserved 1048576K
}
Event: 15.484 GC heap after
{Heap after GC invocations=16 (full 0):
 garbage-first heap   total 71680K, used 26732K [0x00000000c1400000, 0x0000000100000000)
  region size 1024K, 2 young (2048K), 2 survivors (2048K)
 Metaspace       used 59907K, committed 60416K, reserved 1105920K
  class space    used 8028K, committed 8320K, reserved 1048576K
}
Event: 22.332 GC heap before
{Heap before GC invocations=17 (full 0):
 garbage-first heap   total 71680K, used 57452K [0x00000000c1400000, 0x0000000100000000)
  region size 1024K, 32 young (32768K), 2 survivors (2048K)
 Metaspace       used 65124K, committed 65664K, reserved 1105920K
  class space    used 8936K, committed 9216K, reserved 1048576K
}
Event: 22.352 GC heap after
{Heap after GC invocations=18 (full 0):
 garbage-first heap   total 71680K, used 28325K [0x00000000c1400000, 0x0000000100000000)
  region size 1024K, 4 young (4096K), 4 survivors (4096K)
 Metaspace       used 65124K, committed 65664K, reserved 1105920K
  class space    used 8936K, committed 9216K, reserved 1048576K
}
Event: 30.108 GC heap before
{Heap before GC invocations=18 (full 0):
 garbage-first heap   total 71680K, used 56997K [0x00000000c1400000, 0x0000000100000000)
  region size 1024K, 32 young (32768K), 4 survivors (4096K)
 Metaspace       used 69237K, committed 69824K, reserved 1114112K
  class space    used 9518K, committed 9792K, reserved 1048576K
}
Event: 30.121 GC heap after
{Heap after GC invocations=19 (full 0):
 garbage-first heap   total 71680K, used 30526K [0x00000000c1400000, 0x0000000100000000)
  region size 1024K, 4 young (4096K), 4 survivors (4096K)
 Metaspace       used 69237K, committed 69824K, reserved 1114112K
  class space    used 9518K, committed 9792K, reserved 1048576K
}
Event: 34.648 GC heap before
{Heap before GC invocations=19 (full 0):
 garbage-first heap   total 71680K, used 57150K [0x00000000c1400000, 0x0000000100000000)
  region size 1024K, 30 young (30720K), 4 survivors (4096K)
 Metaspace       used 72250K, committed 72832K, reserved 1114112K
  class space    used 9961K, committed 10240K, reserved 1048576K
}
Event: 34.661 GC heap after
{Heap after GC invocations=20 (full 0):
 garbage-first heap   total 71680K, used 33242K [0x00000000c1400000, 0x0000000100000000)
  region size 1024K, 3 young (3072K), 3 survivors (3072K)
 Metaspace       used 72250K, committed 72832K, reserved 1114112K
  class space    used 9961K, committed 10240K, reserved 1048576K
}
Event: 36.798 GC heap before
{Heap before GC invocations=20 (full 0):
 garbage-first heap   total 71680K, used 55770K [0x00000000c1400000, 0x0000000100000000)
  region size 1024K, 26 young (26624K), 3 survivors (3072K)
 Metaspace       used 75848K, committed 76480K, reserved 1122304K
  class space    used 10480K, committed 10752K, reserved 1048576K
}
Event: 36.810 GC heap after
{Heap after GC invocations=21 (full 0):
 garbage-first heap   total 71680K, used 35238K [0x00000000c1400000, 0x0000000100000000)
  region size 1024K, 2 young (2048K), 2 survivors (2048K)
 Metaspace       used 75848K, committed 76480K, reserved 1122304K
  class space    used 10480K, committed 10752K, reserved 1048576K
}

Dll operation events (9 events):
Event: 0.019 Loaded shared library C:\Users\User\Downloads\sts-4.18.0.RELEASE\plugins\org.eclipse.justj.openjdk.hotspot.jre.full.win32.x86_64_17.0.6.v20230204-1729\jre\bin\java.dll
Event: 0.700 Loaded shared library C:\Users\User\Downloads\sts-4.18.0.RELEASE\plugins\org.eclipse.justj.openjdk.hotspot.jre.full.win32.x86_64_17.0.6.v20230204-1729\jre\bin\jimage.dll
Event: 0.731 Loaded shared library C:\Users\User\Downloads\sts-4.18.0.RELEASE\plugins\org.eclipse.justj.openjdk.hotspot.jre.full.win32.x86_64_17.0.6.v20230204-1729\jre\bin\net.dll
Event: 0.734 Loaded shared library C:\Users\User\Downloads\sts-4.18.0.RELEASE\plugins\org.eclipse.justj.openjdk.hotspot.jre.full.win32.x86_64_17.0.6.v20230204-1729\jre\bin\nio.dll
Event: 0.749 Loaded shared library C:\Users\User\Downloads\sts-4.18.0.RELEASE\plugins\org.eclipse.justj.openjdk.hotspot.jre.full.win32.x86_64_17.0.6.v20230204-1729\jre\bin\zip.dll
Event: 1.152 Loaded shared library C:\Users\User\Downloads\sts-4.18.0.RELEASE\plugins\org.eclipse.justj.openjdk.hotspot.jre.full.win32.x86_64_17.0.6.v20230204-1729\jre\bin\management.dll
Event: 1.189 Loaded shared library C:\Users\User\Downloads\sts-4.18.0.RELEASE\plugins\org.eclipse.justj.openjdk.hotspot.jre.full.win32.x86_64_17.0.6.v20230204-1729\jre\bin\management_ext.dll
Event: 7.961 Loaded shared library C:\Users\User\Downloads\sts-4.18.0.RELEASE\plugins\org.eclipse.justj.openjdk.hotspot.jre.full.win32.x86_64_17.0.6.v20230204-1729\jre\bin\sunmscapi.dll
Event: 9.713 Loaded shared library C:\Users\User\Downloads\sts-4.18.0.RELEASE\plugins\org.eclipse.justj.openjdk.hotspot.jre.full.win32.x86_64_17.0.6.v20230204-1729\jre\bin\verify.dll

Deoptimization events (8 events):
Event: 3.914 Thread 0x000001a038efd5c0 DEOPT PACKING pc=0x000001a03ca1a219 sp=0x0000006d734fd230
Event: 3.914 Thread 0x000001a038efd5c0 DEOPT UNPACKING pc=0x000001a03c5f7143 sp=0x0000006d734fc710 mode 3
Event: 7.658 Thread 0x000001a038efd5c0 DEOPT PACKING pc=0x000001a03cd709fd sp=0x0000006d734fd150
Event: 7.658 Thread 0x000001a038efd5c0 DEOPT UNPACKING pc=0x000001a03c5f7143 sp=0x0000006d734fc6b8 mode 3
Event: 23.545 Thread 0x000001a038efd5c0 DEOPT PACKING pc=0x000001a03cdd2e1c sp=0x0000006d734fc4d0
Event: 23.546 Thread 0x000001a038efd5c0 DEOPT UNPACKING pc=0x000001a03c5f7143 sp=0x0000006d734fba28 mode 0
Event: 29.030 Thread 0x000001a038efd5c0 DEOPT PACKING pc=0x000001a03ca6d842 sp=0x0000006d734fdd00
Event: 29.030 Thread 0x000001a038efd5c0 DEOPT UNPACKING pc=0x000001a03c5f7143 sp=0x0000006d734fd208 mode 3

Classes unloaded (0 events):
No events

Classes redefined (0 events):
No events

Internal exceptions (20 events):
Event: 28.669 Thread 0x000001a038efd5c0 Exception <a 'java/lang/reflect/InvocationTargetException'{0x00000000c4727890}> (0x00000000c4727890) 
thrown [s\src\hotspot\share\runtime\reflection.cpp, line 1121]
Event: 28.739 Thread 0x000001a038efd5c0 Exception <a 'java/lang/reflect/InvocationTargetException'{0x00000000c4591830}> (0x00000000c4591830) 
thrown [s\src\hotspot\share\runtime\reflection.cpp, line 1121]
Event: 28.819 Thread 0x000001a038efd5c0 Exception <a 'java/lang/reflect/InvocationTargetException'{0x00000000c45afb78}> (0x00000000c45afb78) 
thrown [s\src\hotspot\share\runtime\reflection.cpp, line 1121]
Event: 28.825 Thread 0x000001a038efd5c0 Exception <a 'java/lang/reflect/InvocationTargetException'{0x00000000c45bffe0}> (0x00000000c45bffe0) 
thrown [s\src\hotspot\share\runtime\reflection.cpp, line 1121]
Event: 28.831 Thread 0x000001a038efd5c0 Exception <a 'java/lang/reflect/InvocationTargetException'{0x00000000c45cf130}> (0x00000000c45cf130) 
thrown [s\src\hotspot\share\runtime\reflection.cpp, line 1121]
Event: 29.587 Thread 0x000001a038efd5c0 Exception <a 'java/lang/reflect/InvocationTargetException'{0x00000000c3f47d88}> (0x00000000c3f47d88) 
thrown [s\src\hotspot\share\runtime\reflection.cpp, line 1121]
Event: 29.929 Thread 0x000001a038efd5c0 Exception <a 'sun/nio/fs/WindowsException'{0x00000000c3e06988}> (0x00000000c3e06988) 
thrown [s\src\hotspot\share\prims\jni.cpp, line 516]
Event: 33.517 Thread 0x000001a038efd5c0 Exception <a 'java/lang/IncompatibleClassChangeError'{0x00000000c4b65d08}: Found class java.lang.Object, but interface was expected> (0x00000000c4b65d08) 
thrown [s\src\hotspot\share\interpreter\linkResolver.cpp, line 826]
Event: 34.173 Thread 0x000001a038efd5c0 Exception <a 'java/lang/NoSuchMethodError'{0x00000000c45756e8}: 'java.lang.Object java.lang.invoke.DirectMethodHandle$Holder.invokeInterface(java.lang.Object, java.lang.Object, java.lang.Object, java.lang.Object)'> (0x00000000c45756e8) 
thrown [s\src\hotspot\share\interpreter\linkResolver.cpp, line 759]
Event: 34.358 Thread 0x000001a038efd5c0 Exception <a 'java/lang/NoSuchMethodError'{0x00000000c4331380}: 'void java.lang.invoke.DirectMethodHandle$Holder.invokeVirtual(java.lang.Object, java.lang.Object, long)'> (0x00000000c4331380) 
thrown [s\src\hotspot\share\interpreter\linkResolver.cpp, line 759]
Event: 34.639 Thread 0x000001a038efd5c0 Exception <a 'java/lang/NoSuchMethodError'{0x00000000c40c24e0}: 'int java.lang.invoke.DirectMethodHandle$Holder.invokeStaticInit(java.lang.Object, java.lang.Object, java.lang.Object, java.lang.Object)'> (0x00000000c40c24e0) 
thrown [s\src\hotspot\share\interpreter\linkResolver.cpp, line 759]
Event: 35.457 Thread 0x000001a038efd5c0 Exception <a 'java/lang/NoSuchMethodError'{0x00000000c4f9ba10}: 'java.lang.Object java.lang.invoke.DirectMethodHandle$Holder.newInvokeSpecial(java.lang.Object, java.lang.Object, int, java.lang.Object, java.lang.Object)'> (0x00000000c4f9ba10) 
thrown [s\src\hotspot\share\interpreter\linkResolver.cpp, line 759]
Event: 35.459 Thread 0x000001a038efd5c0 Exception <a 'java/lang/NoSuchMethodError'{0x00000000c4fa6f90}: 'java.lang.Object java.lang.invoke.DirectMethodHandle$Holder.invokeSpecial(java.lang.Object, java.lang.Object, int, java.lang.Object, int, java.lang.Object)'> (0x00000000c4fa6f90) 
thrown [s\src\hotspot\share\interpreter\linkResolver.cpp, line 759]
Event: 35.460 Thread 0x000001a038efd5c0 Exception <a 'java/lang/NoSuchMethodError'{0x00000000c4faed98}: 'java.lang.Object java.lang.invoke.DirectMethodHandle$Holder.newInvokeSpecial(java.lang.Object, java.lang.Object, int, java.lang.Object, int)'> (0x00000000c4faed98) 
thrown [s\src\hotspot\share\interpreter\linkResolver.cpp, line 759]
Event: 35.461 Thread 0x000001a038efd5c0 Exception <a 'java/lang/NoSuchMethodError'{0x00000000c4fb2e98}: 'java.lang.Object java.lang.invoke.DirectMethodHandle$Holder.invokeSpecial(java.lang.Object, java.lang.Object, java.lang.Object, int, java.lang.Object, int)'> (0x00000000c4fb2e98) 
thrown [s\src\hotspot\share\interpreter\linkResolver.cpp, line 759]
Event: 35.761 Thread 0x000001a049dca250 Exception <a 'java/lang/NoSuchMethodError'{0x00000000c4bdeb58}: 'java.lang.Object java.lang.invoke.DirectMethodHandle$Holder.invokeSpecial(java.lang.Object, java.lang.Object, java.lang.Object, java.lang.Object, java.lang.Object, long)'> (0x00000000c4bdeb58) 
thrown [s\src\hotspot\share\interpreter\linkResolver.cpp, line 759]
Event: 35.761 Thread 0x000001a049dca250 Exception <a 'java/lang/NoSuchMethodError'{0x00000000c4be2598}: 'java.lang.Object java.lang.invoke.Invokers$Holder.linkToTargetMethod(java.lang.Object, java.lang.Object, java.lang.Object, long, java.lang.Object)'> (0x00000000c4be2598) 
thrown [s\src\hotspot\share\interpreter\linkResolver.cpp, line 759]
Event: 36.929 Thread 0x000001a038efd5c0 Exception <a 'java/lang/NoSuchMethodError'{0x00000000c58d5330}: 'void java.lang.invoke.DirectMethodHandle$Holder.invokeSpecial(java.lang.Object, java.lang.Object, java.lang.Object, java.lang.Object, java.lang.Object, java.lang.Object, java.lang.Object, java.lang.Object, java.lang.Object)'> (0x00000000c58d5330) 
thrown [s\src\hotspot\share\interpreter\linkResolver.cpp, line 759]
Event: 36.966 Thread 0x000001a038efd5c0 Exception <a 'java/lang/NoSuchMethodError'{0x00000000c58fe258}: 'int java.lang.invoke.DirectMethodHandle$Holder.invokeStatic(java.lang.Object, java.lang.Object, int, int)'> (0x00000000c58fe258) 
thrown [s\src\hotspot\share\interpreter\linkResolver.cpp, line 759]
Event: 36.994 Thread 0x000001a038efd5c0 Exception <a 'java/lang/IncompatibleClassChangeError'{0x00000000c5742ea8}: Found class java.lang.Object, but interface was expected> (0x00000000c5742ea8) 
thrown [s\src\hotspot\share\interpreter\linkResolver.cpp, line 826]

VM Operations (20 events):
Event: 32.335 Executing VM operation: HandshakeAllThreads
Event: 32.335 Executing VM operation: HandshakeAllThreads done
Event: 33.335 Executing VM operation: Cleanup
Event: 33.336 Executing VM operation: Cleanup done
Event: 34.343 Executing VM operation: Cleanup
Event: 34.344 Executing VM operation: Cleanup done
Event: 34.425 Executing VM operation: HandshakeAllThreads
Event: 34.426 Executing VM operation: HandshakeAllThreads done
Event: 34.648 Executing VM operation: G1CollectForAllocation
Event: 34.661 Executing VM operation: G1CollectForAllocation done
Event: 35.665 Executing VM operation: Cleanup
Event: 35.876 Executing VM operation: Cleanup done
Event: 35.876 Executing VM operation: HandshakeAllThreads
Event: 35.876 Executing VM operation: HandshakeAllThreads done
Event: 36.551 Executing VM operation: HandshakeAllThreads
Event: 36.551 Executing VM operation: HandshakeAllThreads done
Event: 36.757 Executing VM operation: HandshakeAllThreads
Event: 36.757 Executing VM operation: HandshakeAllThreads done
Event: 36.798 Executing VM operation: G1CollectForAllocation
Event: 36.810 Executing VM operation: G1CollectForAllocation done

Events (20 events):
Event: 35.604 loading class sun/nio/ch/SelectionKeyImpl
Event: 35.604 loading class java/nio/channels/spi/AbstractSelectionKey
Event: 35.604 loading class java/nio/channels/SelectionKey
Event: 35.604 loading class java/nio/channels/SelectionKey done
Event: 35.605 loading class java/nio/channels/spi/AbstractSelectionKey done
Event: 35.605 loading class sun/nio/ch/SelectionKeyImpl done
Event: 35.605 loading class java/lang/invoke/ConstantBootstraps
Event: 35.605 loading class java/lang/invoke/ConstantBootstraps done
Event: 35.618 loading class java/util/AbstractMap$1$1
Event: 35.618 loading class java/util/AbstractMap$1$1 done
Event: 35.773 loading class sun/nio/cs/ThreadLocalCoders
Event: 35.773 loading class sun/nio/cs/ThreadLocalCoders done
Event: 35.773 loading class sun/nio/cs/ThreadLocalCoders$1
Event: 35.774 loading class sun/nio/cs/ThreadLocalCoders$Cache
Event: 35.774 loading class sun/nio/cs/ThreadLocalCoders$Cache done
Event: 35.775 loading class sun/nio/cs/ThreadLocalCoders$1 done
Event: 35.775 loading class sun/nio/cs/ThreadLocalCoders$2
Event: 35.775 loading class sun/nio/cs/ThreadLocalCoders$2 done
Event: 36.661 loading class java/util/concurrent/locks/ReentrantReadWriteLock$Sync$HoldCounter
Event: 36.661 loading class java/util/concurrent/locks/ReentrantReadWriteLock$Sync$HoldCounter done


Dynamic libraries:
0x00007ff7a8960000 - 0x00007ff7a896e000 	C:\Users\User\Downloads\sts-4.18.0.RELEASE\plugins\org.eclipse.justj.openjdk.hotspot.jre.full.win32.x86_64_17.0.6.v20230204-1729\jre\bin\javaw.exe
0x00007ffa5e050000 - 0x00007ffa5e248000 	C:\WINDOWS\SYSTEM32\ntdll.dll
0x00007ffa5df50000 - 0x00007ffa5e00d000 	C:\WINDOWS\System32\KERNEL32.DLL
0x00007ffa5bc80000 - 0x00007ffa5bf76000 	C:\WINDOWS\System32\KERNELBASE.dll
0x00007ffa5ba10000 - 0x00007ffa5bb10000 	C:\WINDOWS\System32\ucrtbase.dll
0x00007ffa522a0000 - 0x00007ffa522b7000 	C:\Users\User\Downloads\sts-4.18.0.RELEASE\plugins\org.eclipse.justj.openjdk.hotspot.jre.full.win32.x86_64_17.0.6.v20230204-1729\jre\bin\jli.dll
0x00007ffa5dcc0000 - 0x00007ffa5de5e000 	C:\WINDOWS\System32\USER32.dll
0x00007ffa5bbc0000 - 0x00007ffa5bbe2000 	C:\WINDOWS\System32\win32u.dll
0x00007ffa5c250000 - 0x00007ffa5c27c000 	C:\WINDOWS\System32\GDI32.dll
0x00007ffa5bf80000 - 0x00007ffa5c09a000 	C:\WINDOWS\System32\gdi32full.dll
0x00007ffa5b770000 - 0x00007ffa5b80d000 	C:\WINDOWS\System32\msvcp_win.dll
0x00007ffa56910000 - 0x00007ffa56929000 	C:\Users\User\Downloads\sts-4.18.0.RELEASE\plugins\org.eclipse.justj.openjdk.hotspot.jre.full.win32.x86_64_17.0.6.v20230204-1729\jre\bin\VCRUNTIME140.dll
0x00007ffa49590000 - 0x00007ffa4982a000 	C:\WINDOWS\WinSxS\amd64_microsoft.windows.common-controls_6595b64144ccf1df_6.0.19041.3636_none_60b6a03d71f818d5\COMCTL32.dll
0x00007ffa5d570000 - 0x00007ffa5d60e000 	C:\WINDOWS\System32\msvcrt.dll
0x00007ffa5c280000 - 0x00007ffa5c2b0000 	C:\WINDOWS\System32\IMM32.DLL
0x00007ffa56880000 - 0x00007ffa5688c000 	C:\Users\User\Downloads\sts-4.18.0.RELEASE\plugins\org.eclipse.justj.openjdk.hotspot.jre.full.win32.x86_64_17.0.6.v20230204-1729\jre\bin\vcruntime140_1.dll
0x00007ffa3d3d0000 - 0x00007ffa3d461000 	C:\Users\User\Downloads\sts-4.18.0.RELEASE\plugins\org.eclipse.justj.openjdk.hotspot.jre.full.win32.x86_64_17.0.6.v20230204-1729\jre\bin\msvcp140.dll
0x00007ffa00ba0000 - 0x00007ffa017e7000 	C:\Users\User\Downloads\sts-4.18.0.RELEASE\plugins\org.eclipse.justj.openjdk.hotspot.jre.full.win32.x86_64_17.0.6.v20230204-1729\jre\bin\server\jvm.dll
0x00007ffa5dc00000 - 0x00007ffa5dcb3000 	C:\WINDOWS\System32\ADVAPI32.dll
0x00007ffa5da80000 - 0x00007ffa5db1f000 	C:\WINDOWS\System32\sechost.dll
0x00007ffa5c800000 - 0x00007ffa5c926000 	C:\WINDOWS\System32\RPCRT4.dll
0x00007ffa5b9e0000 - 0x00007ffa5ba07000 	C:\WINDOWS\System32\bcrypt.dll
0x00007ffa468e0000 - 0x00007ffa468e9000 	C:\WINDOWS\SYSTEM32\WSOCK32.dll
0x00007ffa5d300000 - 0x00007ffa5d36b000 	C:\WINDOWS\System32\WS2_32.dll
0x00007ffa35510000 - 0x00007ffa35537000 	C:\WINDOWS\SYSTEM32\WINMM.dll
0x00007ffa50690000 - 0x00007ffa5069a000 	C:\WINDOWS\SYSTEM32\VERSION.dll
0x00007ffa59f50000 - 0x00007ffa59f62000 	C:\WINDOWS\SYSTEM32\kernel.appcore.dll
0x00007ffa549b0000 - 0x00007ffa549ba000 	C:\Users\User\Downloads\sts-4.18.0.RELEASE\plugins\org.eclipse.justj.openjdk.hotspot.jre.full.win32.x86_64_17.0.6.v20230204-1729\jre\bin\jimage.dll
0x00007ffa59c30000 - 0x00007ffa59e14000 	C:\WINDOWS\SYSTEM32\DBGHELP.DLL
0x00007ffa40cb0000 - 0x00007ffa40ce4000 	C:\WINDOWS\SYSTEM32\dbgcore.DLL
0x00007ffa5bbf0000 - 0x00007ffa5bc72000 	C:\WINDOWS\System32\bcryptPrimitives.dll
0x00007ffa54900000 - 0x00007ffa54925000 	C:\Users\User\Downloads\sts-4.18.0.RELEASE\plugins\org.eclipse.justj.openjdk.hotspot.jre.full.win32.x86_64_17.0.6.v20230204-1729\jre\bin\java.dll
0x00007ffa50a80000 - 0x00007ffa50a98000 	C:\Users\User\Downloads\sts-4.18.0.RELEASE\plugins\org.eclipse.justj.openjdk.hotspot.jre.full.win32.x86_64_17.0.6.v20230204-1729\jre\bin\zip.dll
0x00007ffa5cbb0000 - 0x00007ffa5d2f5000 	C:\WINDOWS\System32\SHELL32.dll
0x00007ffa593c0000 - 0x00007ffa59b5b000 	C:\WINDOWS\SYSTEM32\windows.storage.dll
0x00007ffa5d720000 - 0x00007ffa5da74000 	C:\WINDOWS\System32\combase.dll
0x00007ffa5afa0000 - 0x00007ffa5afcd000 	C:\WINDOWS\SYSTEM32\Wldp.dll
0x00007ffa5d670000 - 0x00007ffa5d71d000 	C:\WINDOWS\System32\SHCORE.dll
0x00007ffa5caf0000 - 0x00007ffa5cb45000 	C:\WINDOWS\System32\shlwapi.dll
0x00007ffa5b650000 - 0x00007ffa5b675000 	C:\WINDOWS\SYSTEM32\profapi.dll
0x00007ffa50a60000 - 0x00007ffa50a79000 	C:\Users\User\Downloads\sts-4.18.0.RELEASE\plugins\org.eclipse.justj.openjdk.hotspot.jre.full.win32.x86_64_17.0.6.v20230204-1729\jre\bin\net.dll
0x00007ffa54a40000 - 0x00007ffa54b4a000 	C:\WINDOWS\SYSTEM32\WINHTTP.dll
0x00007ffa5ad80000 - 0x00007ffa5adea000 	C:\WINDOWS\system32\mswsock.dll
0x00007ffa4a150000 - 0x00007ffa4a165000 	C:\Users\User\Downloads\sts-4.18.0.RELEASE\plugins\org.eclipse.justj.openjdk.hotspot.jre.full.win32.x86_64_17.0.6.v20230204-1729\jre\bin\nio.dll
0x00007ffa56870000 - 0x00007ffa56879000 	C:\Users\User\Downloads\sts-4.18.0.RELEASE\plugins\org.eclipse.justj.openjdk.hotspot.jre.full.win32.x86_64_17.0.6.v20230204-1729\jre\bin\management.dll
0x00007ffa56850000 - 0x00007ffa5685b000 	C:\Users\User\Downloads\sts-4.18.0.RELEASE\plugins\org.eclipse.justj.openjdk.hotspot.jre.full.win32.x86_64_17.0.6.v20230204-1729\jre\bin\management_ext.dll
0x00007ffa5c7d0000 - 0x00007ffa5c7d8000 	C:\WINDOWS\System32\PSAPI.DLL
0x00007ffa3e4d0000 - 0x00007ffa3e4e7000 	C:\WINDOWS\system32\napinsp.dll
0x00007ffa3e4b0000 - 0x00007ffa3e4cb000 	C:\WINDOWS\system32\pnrpnsp.dll
0x00007ffa55750000 - 0x00007ffa55765000 	C:\WINDOWS\system32\wshbth.dll
0x00007ffa56820000 - 0x00007ffa5683d000 	C:\WINDOWS\system32\NLAapi.dll
0x00007ffa5aa90000 - 0x00007ffa5aacb000 	C:\WINDOWS\SYSTEM32\IPHLPAPI.DLL
0x00007ffa5aad0000 - 0x00007ffa5ab9a000 	C:\WINDOWS\SYSTEM32\DNSAPI.dll
0x00007ffa5dec0000 - 0x00007ffa5dec8000 	C:\WINDOWS\System32\NSI.dll
0x00007ffa3dc20000 - 0x00007ffa3dc32000 	C:\WINDOWS\System32\winrnr.dll
0x00007ffa49b10000 - 0x00007ffa49b1a000 	C:\Windows\System32\rasadhlp.dll
0x00007ffa49d10000 - 0x00007ffa49d90000 	C:\WINDOWS\System32\fwpuclnt.dll
0x00007ffa5afe0000 - 0x00007ffa5aff8000 	C:\WINDOWS\SYSTEM32\CRYPTSP.dll
0x00007ffa5a6d0000 - 0x00007ffa5a704000 	C:\WINDOWS\system32\rsaenh.dll
0x00007ffa5b5d0000 - 0x00007ffa5b5fe000 	C:\WINDOWS\SYSTEM32\USERENV.dll
0x00007ffa5af10000 - 0x00007ffa5af1c000 	C:\WINDOWS\SYSTEM32\CRYPTBASE.dll
0x00007ffa50550000 - 0x00007ffa50567000 	C:\WINDOWS\SYSTEM32\dhcpcsvc6.DLL
0x00007ffa50250000 - 0x00007ffa5026d000 	C:\WINDOWS\SYSTEM32\dhcpcsvc.DLL
0x00007ffa53100000 - 0x00007ffa5310e000 	C:\Users\User\Downloads\sts-4.18.0.RELEASE\plugins\org.eclipse.justj.openjdk.hotspot.jre.full.win32.x86_64_17.0.6.v20230204-1729\jre\bin\sunmscapi.dll
0x00007ffa5b880000 - 0x00007ffa5b9dd000 	C:\WINDOWS\System32\CRYPT32.dll
0x00007ffa5b0f0000 - 0x00007ffa5b118000 	C:\WINDOWS\SYSTEM32\ncrypt.dll
0x00007ffa5b0b0000 - 0x00007ffa5b0eb000 	C:\WINDOWS\SYSTEM32\NTASN1.dll
0x00007ffa54510000 - 0x00007ffa54520000 	C:\Users\User\Downloads\sts-4.18.0.RELEASE\plugins\org.eclipse.justj.openjdk.hotspot.jre.full.win32.x86_64_17.0.6.v20230204-1729\jre\bin\verify.dll
0x00007ffa567c0000 - 0x00007ffa567c7000 	C:\WINDOWS\system32\wshunix.dll

dbghelp: loaded successfully - version: 4.0.5 - missing functions: none
symbol engine: initialized successfully - sym options: 0x614 - pdb path: .;C:\Users\User\Downloads\sts-4.18.0.RELEASE\plugins\org.eclipse.justj.openjdk.hotspot.jre.full.win32.x86_64_17.0.6.v20230204-1729\jre\bin;C:\WINDOWS\SYSTEM32;C:\WINDOWS\WinSxS\amd64_microsoft.windows.common-controls_6595b64144ccf1df_6.0.19041.3636_none_60b6a03d71f818d5;C:\Users\User\Downloads\sts-4.18.0.RELEASE\plugins\org.eclipse.justj.openjdk.hotspot.jre.full.win32.x86_64_17.0.6.v20230204-1729\jre\bin\server

VM Arguments:
jvm_args: -Dcom.sun.management.jmxremote -Dcom.sun.management.jmxremote.port=52176 -Dcom.sun.management.jmxremote.authenticate=false -Dcom.sun.management.jmxremote.ssl=false -Djava.rmi.server.hostname=localhost -Dspring.jmx.enabled=true -Dmanagement.endpoints.jmx.exposure.include=* -Dspring.application.admin.enabled=true -XX:TieredStopAtLevel=1 -Dspring.boot.project.name=ProgInz_md1_2023 -Dfile.encoding=UTF-8 -XX:+ShowCodeDetailsInExceptionMessages 
java_command: venta.lv.ProgInzMd12023Application --spring.output.ansi.enabled=always
java_class_path (initial): C:\Users\User\Downloads\ProgInz_md1_2023\target\classes;C:\Users\User\.m2\repository\mysql\mysql-connector-java\8.0.28\mysql-connector-java-8.0.28.jar;C:\Users\User\.m2\repository\com\google\protobuf\protobuf-java\3.25.1\protobuf-java-3.25.1.jar;C:\Users\User\.m2\repository\org\springframework\boot\spring-boot-starter-data-jpa\3.1.0\spring-boot-starter-data-jpa-3.1.0.jar;C:\Users\User\.m2\repository\org\springframework\boot\spring-boot-starter-aop\3.1.0\spring-boot-starter-aop-3.1.0.jar;C:\Users\User\.m2\repository\org\aspectj\aspectjweaver\1.9.19\aspectjweaver-1.9.19.jar;C:\Users\User\.m2\repository\org\springframework\boot\spring-boot-starter-jdbc\3.1.0\spring-boot-starter-jdbc-3.1.0.jar;C:\Users\User\.m2\repository\com\zaxxer\HikariCP\5.0.1\HikariCP-5.0.1.jar;C:\Users\User\.m2\repository\org\springframework\spring-jdbc\6.0.9\spring-jdbc-6.0.9.jar;C:\Users\User\.m2\repository\org\hibernate\orm\hibernate-core\6.2.2.Final\hibernate-core-6.2.2.Final.jar;C:\Users\User\.m2\repository\jakarta\persistence\jakarta.persistence-api\3.1.0\jakarta.persistence-api-3.1.0.jar;C:\Users\User\.m2\repository\jakarta\transaction\jakarta.transaction-api\2.0.1\jakarta.transaction-api-2.0.1.jar;C:\Users\User\.m2\repository\org\jboss\logging\jboss-logging\3.5.0.Final\jboss-logging-3.5.0.Final.jar;C:\Users\User\.m2\repository\org\hibernate\common\hibernate-commons-annotations\6.0.6.Final\hibernate-commons-annotations-6.0.6.Final.jar;C:\Users\User\.m2\repository\io\smallrye\jandex\3.0.5\jandex-3.0.5.jar;C:\Users\User\.m2\repository\com\fasterxml\classmate\1.5.1\classmate-1.5.1.jar;C:\Users\User\.m2\repository\net\bytebuddy\byte-buddy\1.14.4\byte-buddy-1.14.4.jar;C:\Users\User\.m2\repository\org\glassfish\jaxb\jaxb-runtime\4.0.2\jaxb-runtime-4.0.2.jar;C:\Users\User\.m2\repository\org\glassfish\jaxb\jaxb-core\4.0.2\jaxb-core-4.0.2.jar;C:\Users\User\.m2\repository\org\eclipse\angus\angus-activation\2.0.0\angus-activation-2.0.0.jar;C:\Users\User\.m2\repository\org\
Launcher Type: SUN_STANDARD

[Global flags]
     intx CICompilerCount                          = 3                                         {product} {ergonomic}
     uint ConcGCThreads                            = 1                                         {product} {ergonomic}
     uint G1ConcRefinementThreads                  = 4                                         {product} {ergonomic}
   size_t G1HeapRegionSize                         = 1048576                                   {product} {ergonomic}
    uintx GCDrainStackTargetSize                   = 64                                        {product} {ergonomic}
   size_t InitialHeapSize                          = 67108864                                  {product} {ergonomic}
     bool ManagementServer                         = true                                      {product} {command line}
   size_t MarkStackSize                            = 4194304                                   {product} {ergonomic}
   size_t MaxHeapSize                              = 1052770304                                {product} {ergonomic}
   size_t MaxNewSize                               = 631242752                                 {product} {ergonomic}
   size_t MinHeapDeltaBytes                        = 1048576                                   {product} {ergonomic}
   size_t MinHeapSize                              = 8388608                                   {product} {ergonomic}
    uintx NonProfiledCodeHeapSize                  = 0                                      {pd product} {ergonomic}
     bool ProfileInterpreter                       = false                                  {pd product} {command line}
    uintx ProfiledCodeHeapSize                     = 0                                      {pd product} {ergonomic}
     bool ShowCodeDetailsInExceptionMessages       = true                                   {manageable} {command line}
   size_t SoftMaxHeapSize                          = 1052770304                             {manageable} {ergonomic}
     intx TieredStopAtLevel                        = 1                                         {product} {command line}
     bool UseCompressedClassPointers               = true                           {product lp64_product} {ergonomic}
     bool UseCompressedOops                        = true                           {product lp64_product} {ergonomic}
     bool UseG1GC                                  = true                                      {product} {ergonomic}
     bool UseLargePagesIndividualAllocation        = false                                  {pd product} {ergonomic}

Logging:
Log output configuration:
 #0: stdout all=warning uptime,level,tags
 #1: stderr all=off uptime,level,tags

Environment Variables:
PATH=C:/Users/User/Downloads/sts-4.18.0.RELEASE//plugins/org.eclipse.justj.openjdk.hotspot.jre.full.win32.x86_64_17.0.6.v20230204-1729/jre/bin/server;C:/Users/User/Downloads/sts-4.18.0.RELEASE//plugins/org.eclipse.justj.openjdk.hotspot.jre.full.win32.x86_64_17.0.6.v20230204-1729/jre/bin;C:\Program Files\Common Files\Oracle\Java\javapath;C:\Program Files (x86)\Common Files\Oracle\Java\javapath;C:\WINDOWS\system32;C:\WINDOWS;C:\WINDOWS\System32\Wbem;C:\WINDOWS\System32\WindowsPowerShell\v1.0\;C:\WINDOWS\System32\OpenSSH\;C:\Program Files\Git\cmd;C:\Program Files\Docker\Docker\resources\bin;C:\ProgramData\ComposerSetup\bin;C:\Program Files\nodejs\;C:\ProgramData\chocolatey\bin;C:\Users\User\AppData\Local\Microsoft\WindowsApps;C:\Program Files\Java\jdk-17\bin;C:\php;C:\Users\User\AppData\Roaming\Composer\vendor\bin;C:\Users\User\AppData\Local\Programs\Microsoft VS Code\bin;C:\Users\User\AppData\Roaming\npm;C:\Program Files\JetBrains\WebStorm 2023.2.5\bin;;;C:\Users\User\Downloads\sts-4.18.0.RELEASE;
USERNAME=User
OS=Windows_NT
PROCESSOR_IDENTIFIER=Intel64 Family 6 Model 78 Stepping 3, GenuineIntel
TMP=C:\Users\User\AppData\Local\Temp
TEMP=C:\Users\User\AppData\Local\Temp



---------------  S Y S T E M  ---------------

OS:
 Windows 10 , 64 bit Build 19041 (10.0.19041.3636)
OS uptime: 0 days 15:04 hours
Hyper-V role detected

CPU: total 4 (initial active 4) (2 cores per cpu, 2 threads per core) family 6 model 78 stepping 3 microcode 0xcc, cx8, cmov, fxsr, ht, mmx, 3dnowpref, sse, sse2, sse3, ssse3, sse4.1, sse4.2, popcnt, lzcnt, tsc, tscinvbit, avx, avx2, aes, erms, clmul, bmi1, bmi2, adx, fma, vzeroupper, clflush, clflushopt, hv

Memory: 4k page, system-wide physical 4012M (287M free)
TotalPageFile size 12716M (AvailPageFile size 0M)
current process WorkingSet (physical memory assigned to process): 217M, peak: 217M
current process commit charge ("private bytes"): 248M, peak: 248M

vm_info: OpenJDK 64-Bit Server VM (17.0.6+10) for windows-amd64 JRE (17.0.6+10), built on Jan 18 2023 10:08:59 by "temurin" with MS VC++ 16.7 (VS2019)

END.
