#
# There is insufficient memory for the Java Runtime Environment to continue.
# Native memory allocation (mmap) failed to map 10485760 bytes for G1 virtual space
# Possible reasons:
#   The system is out of physical RAM or swap space
#   The process is running with CompressedOops enabled, and the Java Heap may be blocking the growth of the native heap
# Possible solutions:
#   Reduce memory load on the system
#   Increase physical memory or swap space
#   Check if swap backing store is full
#   Decrease Java heap size (-Xmx/-Xms)
#   Decrease number of Java threads
#   Decrease Java thread stack sizes (-Xss)
#   Set larger code cache with -XX:ReservedCodeCacheSize=
#   JVM is running with Unscaled Compressed Oops mode in which the Java heap is
#     placed in the first 4GB address space. The Java Heap base address is the
#     maximum limit for the native heap growth. Please use -XX:HeapBaseMinAddress
#     to set the Java Heap base and to place the Java Heap above 4GB virtual address.
# This output file may be truncated or incomplete.
#
#  Out of Memory Error (os_windows.cpp:3557), pid=1948, tid=8624
#
# JRE version: OpenJDK Runtime Environment Temurin-17.0.6+10 (17.0.6+10) (build 17.0.6+10)
# Java VM: OpenJDK 64-Bit Server VM Temurin-17.0.6+10 (17.0.6+10, mixed mode, emulated-client, tiered, compressed oops, compressed class ptrs, g1 gc, windows-amd64)
# No core dump will be written. Minidumps are not enabled by default on client versions of Windows
#

---------------  S U M M A R Y ------------

Command Line: -Dcom.sun.management.jmxremote -Dcom.sun.management.jmxremote.port=51561 -Dcom.sun.management.jmxremote.authenticate=false -Dcom.sun.management.jmxremote.ssl=false -Djava.rmi.server.hostname=localhost -Dspring.jmx.enabled=true -Dmanagement.endpoints.jmx.exposure.include=* -Dspring.application.admin.enabled=true -XX:TieredStopAtLevel=1 -Dspring.boot.project.name=ProgInz_md1_2023 -Dfile.encoding=UTF-8 -XX:+ShowCodeDetailsInExceptionMessages venta.lv.ProgInzMd12023Application --spring.output.ansi.enabled=always

Host: Intel(R) Core(TM) i3-6006U CPU @ 2.00GHz, 4 cores, 3G,  Windows 10 , 64 bit Build 19041 (10.0.19041.3155)
Time: Thu Oct 19 21:21:25 2023 FLE vasaras laiks elapsed time: 55.651372 seconds (0d 0h 0m 55s)

---------------  T H R E A D  ---------------

Current thread (0x000001a15f7cffc0):  VMThread "VM Thread" [stack: 0x0000004c51600000,0x0000004c51700000] [id=8624]

Stack: [0x0000004c51600000,0x0000004c51700000]
Native frames: (J=compiled Java code, j=interpreted, Vv=VM code, C=native code)
V  [jvm.dll+0x67741a]
V  [jvm.dll+0x834434]
V  [jvm.dll+0x835bde]
V  [jvm.dll+0x836243]
V  [jvm.dll+0x2457b5]
V  [jvm.dll+0x674329]
V  [jvm.dll+0x6689da]
V  [jvm.dll+0x30489b]
V  [jvm.dll+0x30bd96]
V  [jvm.dll+0x35b57e]
V  [jvm.dll+0x35b7af]
V  [jvm.dll+0x2db778]
V  [jvm.dll+0x2d9a2c]
V  [jvm.dll+0x2d8ffc]
V  [jvm.dll+0x31cdcb]
V  [jvm.dll+0x83a6eb]
V  [jvm.dll+0x83b424]
V  [jvm.dll+0x83b93c]
V  [jvm.dll+0x83bd14]
V  [jvm.dll+0x83bde0]
V  [jvm.dll+0x7e483a]
V  [jvm.dll+0x6762c5]
C  [ucrtbase.dll+0x21bb2]
C  [KERNEL32.DLL+0x17614]
C  [ntdll.dll+0x526b1]

VM_Operation (0x0000004c521fbc30): G1CollectForAllocation, mode: safepoint, requested by thread 0x000001a1658f5a50


---------------  P R O C E S S  ---------------

Threads class SMR info:
_java_thread_list=0x000001a165a10e20, length=35, elements={
0x000001a15f7d83b0, 0x000001a15f7d9530, 0x000001a15f81a4d0, 0x000001a15f81bfa0,
0x000001a15f822880, 0x000001a15f823140, 0x000001a15f823a00, 0x000001a15f8549b0,
0x000001a15f77cc90, 0x000001a1605b7e40, 0x000001a160b065f0, 0x000001a160b02da0,
0x000001a160b93400, 0x000001a160f41210, 0x000001a160f5c990, 0x000001a160f5bde0,
0x000001a160f65e70, 0x000001a1623ad600, 0x000001a1623abdf0, 0x000001a1623ac2c0,
0x000001a1623ac790, 0x000001a1623acc60, 0x000001a1658f5a50, 0x000001a1658f03b0,
0x000001a1658f3d70, 0x000001a1658f2a30, 0x000001a1658f4240, 0x000001a1658f2f00,
0x000001a1658f5580, 0x000001a1658f63f0, 0x000001a1658f0880, 0x000001a1658efee0,
0x000001a1658ef540, 0x000001a1658f1bc0, 0x000001a1658f4710
}

Java Threads: ( => current thread )
  0x000001a15f7d83b0 JavaThread "Reference Handler" daemon [_thread_blocked, id=2040, stack(0x0000004c51700000,0x0000004c51800000)]
  0x000001a15f7d9530 JavaThread "Finalizer" daemon [_thread_blocked, id=13792, stack(0x0000004c51800000,0x0000004c51900000)]
  0x000001a15f81a4d0 JavaThread "Signal Dispatcher" daemon [_thread_blocked, id=11432, stack(0x0000004c51900000,0x0000004c51a00000)]
  0x000001a15f81bfa0 JavaThread "Attach Listener" daemon [_thread_blocked, id=8868, stack(0x0000004c51a00000,0x0000004c51b00000)]
  0x000001a15f822880 JavaThread "Service Thread" daemon [_thread_blocked, id=12836, stack(0x0000004c51b00000,0x0000004c51c00000)]
  0x000001a15f823140 JavaThread "Monitor Deflation Thread" daemon [_thread_blocked, id=1428, stack(0x0000004c51c00000,0x0000004c51d00000)]
  0x000001a15f823a00 JavaThread "C1 CompilerThread0" daemon [_thread_blocked, id=2260, stack(0x0000004c51d00000,0x0000004c51e00000)]
  0x000001a15f8549b0 JavaThread "Sweeper thread" daemon [_thread_blocked, id=5216, stack(0x0000004c51e00000,0x0000004c51f00000)]
  0x000001a15f77cc90 JavaThread "Common-Cleaner" daemon [_thread_blocked, id=7968, stack(0x0000004c51f00000,0x0000004c52000000)]
  0x000001a1605b7e40 JavaThread "Notification Thread" daemon [_thread_blocked, id=1280, stack(0x0000004c52200000,0x0000004c52300000)]
  0x000001a160b065f0 JavaThread "RMI TCP Accept-0" daemon [_thread_in_native, id=13972, stack(0x0000004c52300000,0x0000004c52400000)]
  0x000001a160b02da0 JavaThread "RMI TCP Accept-51561" daemon [_thread_in_native, id=11960, stack(0x0000004c52400000,0x0000004c52500000)]
  0x000001a160b93400 JavaThread "RMI TCP Accept-0" daemon [_thread_in_native, id=10232, stack(0x0000004c52500000,0x0000004c52600000)]
  0x000001a160f41210 JavaThread "RMI TCP Connection(idle)" daemon [_thread_blocked, id=128, stack(0x0000004c52c00000,0x0000004c52d00000)]
  0x000001a160f5c990 JavaThread "RMI Scheduler(0)" daemon [_thread_blocked, id=6820, stack(0x0000004c52d00000,0x0000004c52e00000)]
  0x000001a160f5bde0 JavaThread "RMI TCP Connection(idle)" daemon [_thread_blocked, id=9064, stack(0x0000004c52e00000,0x0000004c52f00000)]
  0x000001a160f65e70 JavaThread "JMX server connection timeout 21" daemon [_thread_blocked, id=4308, stack(0x0000004c52f00000,0x0000004c53000000)]
  0x000001a1623ad600 JavaThread "Catalina-utility-1" [_thread_blocked, id=11852, stack(0x0000004c53000000,0x0000004c53100000)]
  0x000001a1623abdf0 JavaThread "Catalina-utility-2" [_thread_blocked, id=12048, stack(0x0000004c53100000,0x0000004c53200000)]
  0x000001a1623ac2c0 JavaThread "container-0" [_thread_blocked, id=11840, stack(0x0000004c53200000,0x0000004c53300000)]
  0x000001a1623ac790 JavaThread "mysql-cj-abandoned-connection-cleanup" daemon [_thread_blocked, id=11056, stack(0x0000004c53300000,0x0000004c53400000)]
  0x000001a1623acc60 JavaThread "HikariPool-1 housekeeper" daemon [_thread_blocked, id=10744, stack(0x0000004c53400000,0x0000004c53500000)]
  0x000001a1658f5a50 JavaThread "http-nio-8080-exec-1" daemon [_thread_blocked, id=644, stack(0x0000004c52100000,0x0000004c52200000)]
  0x000001a1658f03b0 JavaThread "http-nio-8080-exec-2" daemon [_thread_blocked, id=8988, stack(0x0000004c53500000,0x0000004c53600000)]
  0x000001a1658f3d70 JavaThread "http-nio-8080-exec-3" daemon [_thread_blocked, id=5568, stack(0x0000004c53600000,0x0000004c53700000)]
  0x000001a1658f2a30 JavaThread "http-nio-8080-exec-4" daemon [_thread_blocked, id=764, stack(0x0000004c53700000,0x0000004c53800000)]
  0x000001a1658f4240 JavaThread "http-nio-8080-exec-5" daemon [_thread_blocked, id=9852, stack(0x0000004c53800000,0x0000004c53900000)]
  0x000001a1658f2f00 JavaThread "http-nio-8080-exec-6" daemon [_thread_blocked, id=11164, stack(0x0000004c53900000,0x0000004c53a00000)]
  0x000001a1658f5580 JavaThread "http-nio-8080-exec-7" daemon [_thread_blocked, id=13900, stack(0x0000004c53a00000,0x0000004c53b00000)]
  0x000001a1658f63f0 JavaThread "http-nio-8080-exec-8" daemon [_thread_blocked, id=6244, stack(0x0000004c53b00000,0x0000004c53c00000)]
  0x000001a1658f0880 JavaThread "http-nio-8080-exec-9" daemon [_thread_blocked, id=4996, stack(0x0000004c53c00000,0x0000004c53d00000)]
  0x000001a1658efee0 JavaThread "http-nio-8080-exec-10" daemon [_thread_blocked, id=5644, stack(0x0000004c53d00000,0x0000004c53e00000)]
  0x000001a1658ef540 JavaThread "http-nio-8080-Poller" daemon [_thread_in_native, id=8212, stack(0x0000004c53e00000,0x0000004c53f00000)]
  0x000001a1658f1bc0 JavaThread "http-nio-8080-Acceptor" daemon [_thread_in_native, id=9388, stack(0x0000004c53f00000,0x0000004c54000000)]
  0x000001a1658f4710 JavaThread "DestroyJavaVM" [_thread_blocked, id=944, stack(0x0000004c51000000,0x0000004c51100000)]

Other Threads:
=>0x000001a15f7cffc0 VMThread "VM Thread" [stack: 0x0000004c51600000,0x0000004c51700000] [id=8624]
  0x000001a160b07780 WatcherThread [stack: 0x0000004c52600000,0x0000004c52700000] [id=13304]
  0x000001a154957380 GCTaskThread "GC Thread#0" [stack: 0x0000004c51100000,0x0000004c51200000] [id=7824]
  0x000001a160bb4ec0 GCTaskThread "GC Thread#1" [stack: 0x0000004c52700000,0x0000004c52800000] [id=2748]
  0x000001a160bef020 GCTaskThread "GC Thread#2" [stack: 0x0000004c52800000,0x0000004c52900000] [id=6400]
  0x000001a160c74d10 GCTaskThread "GC Thread#3" [stack: 0x0000004c52900000,0x0000004c52a00000] [id=7356]
  0x000001a15495ff50 ConcurrentGCThread "G1 Main Marker" [stack: 0x0000004c51200000,0x0000004c51300000] [id=9768]
  0x000001a154961010 ConcurrentGCThread "G1 Conc#0" [stack: 0x0000004c51300000,0x0000004c51400000] [id=1336]
  0x000001a1549b0ab0 ConcurrentGCThread "G1 Refine#0" [stack: 0x0000004c51400000,0x0000004c51500000] [id=4984]
  0x000001a160c7d3f0 ConcurrentGCThread "G1 Refine#1" [stack: 0x0000004c52a00000,0x0000004c52b00000] [id=13328]
  0x000001a160c7dae0 ConcurrentGCThread "G1 Refine#2" [stack: 0x0000004c52b00000,0x0000004c52c00000] [id=12108]
  0x000001a1549b1b80 ConcurrentGCThread "G1 Service" [stack: 0x0000004c51500000,0x0000004c51600000] [id=9796]

Threads with active compile tasks:
C1 CompilerThread0    55729 5434       1       java.util.TimSort::<init> (181 bytes)

VM state: at safepoint (normal execution)

VM Mutex/Monitor currently owned by a thread:  ([mutex/lock_event])
[0x000001a154917710] Threads_lock - owner thread: 0x000001a15f7cffc0
[0x000001a154917680] Heap_lock - owner thread: 0x000001a1658f5a50

Heap address: 0x00000000c1400000, size: 1004 MB, Compressed Oops mode: 32-bit

CDS archive(s) not mapped
Compressed class space mapped at: 0x0000000100000000-0x0000000140000000, reserved size: 1073741824
Narrow klass base: 0x0000000000000000, Narrow klass shift: 3, Narrow klass range: 0x140000000

GC Precious Log:
 CPUs: 4 total, 4 available
 Memory: 4012M
 Large Page Support: Disabled
 NUMA Support: Disabled
 Compressed Oops: Enabled (32-bit)
 Heap Region Size: 1M
 Heap Min Capacity: 8M
 Heap Initial Capacity: 64M
 Heap Max Capacity: 1004M
 Pre-touch: Disabled
 Parallel Workers: 4
 Concurrent Workers: 1
 Concurrent Refinement Workers: 4
 Periodic GC: Disabled

Heap:
 garbage-first heap   total 63488K, used 31653K [0x00000000c1400000, 0x0000000100000000)
  region size 1024K, 3 young (3072K), 3 survivors (3072K)
 Metaspace       used 75328K, committed 75968K, reserved 1122304K
  class space    used 10327K, committed 10624K, reserved 1048576K

Heap Regions: E=young(eden), S=young(survivor), O=old, HS=humongous(starts), HC=humongous(continues), CS=collection set, F=free, OA=open archive, CA=closed archive, TAMS=top-at-mark-start (previous, next)
|   0|0x00000000c1400000, 0x00000000c1500000, 0x00000000c1500000|100%|HS|  |TAMS 0x00000000c1500000, 0x00000000c1400000| Complete 
|   1|0x00000000c1500000, 0x00000000c1600000, 0x00000000c1600000|100%| O|  |TAMS 0x00000000c1600000, 0x00000000c1500000| Untracked 
|   2|0x00000000c1600000, 0x00000000c1700000, 0x00000000c1700000|100%| O|  |TAMS 0x00000000c1700000, 0x00000000c1600000| Untracked 
|   3|0x00000000c1700000, 0x00000000c1800000, 0x00000000c1800000|100%| O|  |TAMS 0x00000000c1800000, 0x00000000c1700000| Untracked 
|   4|0x00000000c1800000, 0x00000000c1900000, 0x00000000c1900000|100%| O|  |TAMS 0x00000000c1900000, 0x00000000c1800000| Untracked 
|   5|0x00000000c1900000, 0x00000000c1a00000, 0x00000000c1a00000|100%| O|  |TAMS 0x00000000c1a00000, 0x00000000c1900000| Untracked 
|   6|0x00000000c1a00000, 0x00000000c1b00000, 0x00000000c1b00000|100%| O|  |TAMS 0x00000000c1a00000, 0x00000000c1a00000| Untracked 
|   7|0x00000000c1b00000, 0x00000000c1c00000, 0x00000000c1c00000|100%| O|  |TAMS 0x00000000c1c00000, 0x00000000c1b00000| Untracked 
|   8|0x00000000c1c00000, 0x00000000c1d00000, 0x00000000c1d00000|100%| O|  |TAMS 0x00000000c1d00000, 0x00000000c1c00000| Untracked 
|   9|0x00000000c1d00000, 0x00000000c1e00000, 0x00000000c1e00000|100%| O|  |TAMS 0x00000000c1e00000, 0x00000000c1d00000| Untracked 
|  10|0x00000000c1e00000, 0x00000000c1f00000, 0x00000000c1f00000|100%| O|  |TAMS 0x00000000c1f00000, 0x00000000c1e00000| Untracked 
|  11|0x00000000c1f00000, 0x00000000c2000000, 0x00000000c2000000|100%| O|  |TAMS 0x00000000c2000000, 0x00000000c1f00000| Untracked 
|  12|0x00000000c2000000, 0x00000000c2100000, 0x00000000c2100000|100%| O|  |TAMS 0x00000000c2100000, 0x00000000c2000000| Untracked 
|  13|0x00000000c2100000, 0x00000000c2200000, 0x00000000c2200000|100%| O|  |TAMS 0x00000000c2200000, 0x00000000c2100000| Untracked 
|  14|0x00000000c2200000, 0x00000000c2300000, 0x00000000c2300000|100%| O|  |TAMS 0x00000000c2300000, 0x00000000c2200000| Untracked 
|  15|0x00000000c2300000, 0x00000000c2400000, 0x00000000c2400000|100%| O|  |TAMS 0x00000000c2400000, 0x00000000c2300000| Untracked 
|  16|0x00000000c2400000, 0x00000000c2500000, 0x00000000c2500000|100%| O|  |TAMS 0x00000000c2500000, 0x00000000c2400000| Untracked 
|  17|0x00000000c2500000, 0x00000000c2600000, 0x00000000c2600000|100%| O|  |TAMS 0x00000000c2600000, 0x00000000c2500000| Untracked 
|  18|0x00000000c2600000, 0x00000000c2700000, 0x00000000c2700000|100%| O|  |TAMS 0x00000000c2700000, 0x00000000c2600000| Untracked 
|  19|0x00000000c2700000, 0x00000000c2800000, 0x00000000c2800000|100%| O|  |TAMS 0x00000000c2700000, 0x00000000c2700000| Untracked 
|  20|0x00000000c2800000, 0x00000000c2900000, 0x00000000c2900000|100%| O|  |TAMS 0x00000000c2800000, 0x00000000c2800000| Untracked 
|  21|0x00000000c2900000, 0x00000000c2a00000, 0x00000000c2a00000|100%| O|  |TAMS 0x00000000c2900000, 0x00000000c2900000| Untracked 
|  22|0x00000000c2a00000, 0x00000000c2b00000, 0x00000000c2b00000|100%| O|  |TAMS 0x00000000c2a00000, 0x00000000c2a00000| Untracked 
|  23|0x00000000c2b00000, 0x00000000c2c00000, 0x00000000c2c00000|100%| O|  |TAMS 0x00000000c2b00000, 0x00000000c2b00000| Untracked 
|  24|0x00000000c2c00000, 0x00000000c2d00000, 0x00000000c2d00000|100%| O|  |TAMS 0x00000000c2cf3c00, 0x00000000c2c00000| Untracked 
|  25|0x00000000c2d00000, 0x00000000c2e00000, 0x00000000c2e00000|100%| O|  |TAMS 0x00000000c2d00000, 0x00000000c2d00000| Untracked 
|  26|0x00000000c2e00000, 0x00000000c2f00000, 0x00000000c2f00000|100%| O|  |TAMS 0x00000000c2e00000, 0x00000000c2e00000| Untracked 
|  27|0x00000000c2f00000, 0x00000000c3000000, 0x00000000c3000000|100%| O|  |TAMS 0x00000000c2f00000, 0x00000000c2f00000| Untracked 
|  28|0x00000000c3000000, 0x00000000c3000000, 0x00000000c3100000|  0%| F|  |TAMS 0x00000000c3000000, 0x00000000c3000000| Untracked 
|  29|0x00000000c3100000, 0x00000000c3100000, 0x00000000c3200000|  0%| F|  |TAMS 0x00000000c3100000, 0x00000000c3100000| Untracked 
|  30|0x00000000c3200000, 0x00000000c3200000, 0x00000000c3300000|  0%| F|  |TAMS 0x00000000c3200000, 0x00000000c3200000| Untracked 
|  31|0x00000000c3300000, 0x00000000c3300000, 0x00000000c3400000|  0%| F|  |TAMS 0x00000000c3300000, 0x00000000c3300000| Untracked 
|  32|0x00000000c3400000, 0x00000000c3400000, 0x00000000c3500000|  0%| F|  |TAMS 0x00000000c3400000, 0x00000000c3400000| Untracked 
|  33|0x00000000c3500000, 0x00000000c3500000, 0x00000000c3600000|  0%| F|  |TAMS 0x00000000c3500000, 0x00000000c3500000| Untracked 
|  34|0x00000000c3600000, 0x00000000c3600000, 0x00000000c3700000|  0%| F|  |TAMS 0x00000000c3600000, 0x00000000c3600000| Untracked 
|  35|0x00000000c3700000, 0x00000000c3700000, 0x00000000c3800000|  0%| F|  |TAMS 0x00000000c3700000, 0x00000000c3700000| Untracked 
|  36|0x00000000c3800000, 0x00000000c3800000, 0x00000000c3900000|  0%| F|  |TAMS 0x00000000c3800000, 0x00000000c3800000| Untracked 
|  37|0x00000000c3900000, 0x00000000c39e95a0, 0x00000000c3a00000| 91%| S|CS|TAMS 0x00000000c3900000, 0x00000000c3900000| Complete 
|  38|0x00000000c3a00000, 0x00000000c3b00000, 0x00000000c3b00000|100%| S|CS|TAMS 0x00000000c3a00000, 0x00000000c3a00000| Complete 
|  39|0x00000000c3b00000, 0x00000000c3c00000, 0x00000000c3c00000|100%| S|CS|TAMS 0x00000000c3b00000, 0x00000000c3b00000| Complete 
|  40|0x00000000c3c00000, 0x00000000c3c00000, 0x00000000c3d00000|  0%| F|  |TAMS 0x00000000c3c00000, 0x00000000c3c00000| Untracked 
|  41|0x00000000c3d00000, 0x00000000c3d00000, 0x00000000c3e00000|  0%| F|  |TAMS 0x00000000c3d00000, 0x00000000c3d00000| Untracked 
|  42|0x00000000c3e00000, 0x00000000c3e00000, 0x00000000c3f00000|  0%| F|  |TAMS 0x00000000c3e00000, 0x00000000c3e00000| Untracked 
|  43|0x00000000c3f00000, 0x00000000c3f00000, 0x00000000c4000000|  0%| F|  |TAMS 0x00000000c3f00000, 0x00000000c3f00000| Untracked 
|  44|0x00000000c4000000, 0x00000000c4000000, 0x00000000c4100000|  0%| F|  |TAMS 0x00000000c4000000, 0x00000000c4000000| Untracked 
|  45|0x00000000c4100000, 0x00000000c4100000, 0x00000000c4200000|  0%| F|  |TAMS 0x00000000c4100000, 0x00000000c4100000| Untracked 
|  46|0x00000000c4200000, 0x00000000c4200000, 0x00000000c4300000|  0%| F|  |TAMS 0x00000000c4200000, 0x00000000c4200000| Untracked 
|  47|0x00000000c4300000, 0x00000000c4300000, 0x00000000c4400000|  0%| F|  |TAMS 0x00000000c4300000, 0x00000000c4300000| Untracked 
|  48|0x00000000c4400000, 0x00000000c4400000, 0x00000000c4500000|  0%| F|  |TAMS 0x00000000c4400000, 0x00000000c4400000| Untracked 
|  49|0x00000000c4500000, 0x00000000c4500000, 0x00000000c4600000|  0%| F|  |TAMS 0x00000000c4500000, 0x00000000c4500000| Untracked 
|  50|0x00000000c4600000, 0x00000000c4600000, 0x00000000c4700000|  0%| F|  |TAMS 0x00000000c4600000, 0x00000000c4600000| Untracked 
|  51|0x00000000c4700000, 0x00000000c4700000, 0x00000000c4800000|  0%| F|  |TAMS 0x00000000c4700000, 0x00000000c4700000| Untracked 
|  52|0x00000000c4800000, 0x00000000c4800000, 0x00000000c4900000|  0%| F|  |TAMS 0x00000000c4800000, 0x00000000c4800000| Untracked 
|  53|0x00000000c4900000, 0x00000000c4900000, 0x00000000c4a00000|  0%| F|  |TAMS 0x00000000c4900000, 0x00000000c4900000| Untracked 
|  54|0x00000000c4a00000, 0x00000000c4a00000, 0x00000000c4b00000|  0%| F|  |TAMS 0x00000000c4a00000, 0x00000000c4a00000| Untracked 
|  55|0x00000000c4b00000, 0x00000000c4b00000, 0x00000000c4c00000|  0%| F|  |TAMS 0x00000000c4b00000, 0x00000000c4b00000| Untracked 
|  56|0x00000000c4c00000, 0x00000000c4c00000, 0x00000000c4d00000|  0%| F|  |TAMS 0x00000000c4c00000, 0x00000000c4c00000| Untracked 
|  57|0x00000000c4d00000, 0x00000000c4d00000, 0x00000000c4e00000|  0%| F|  |TAMS 0x00000000c4d00000, 0x00000000c4d00000| Untracked 
|  58|0x00000000c4e00000, 0x00000000c4e00000, 0x00000000c4f00000|  0%| F|  |TAMS 0x00000000c4e00000, 0x00000000c4e00000| Untracked 
|  59|0x00000000c4f00000, 0x00000000c4f00000, 0x00000000c5000000|  0%| F|  |TAMS 0x00000000c4f00000, 0x00000000c4f00000| Untracked 
|  60|0x00000000c5000000, 0x00000000c5000000, 0x00000000c5100000|  0%| F|  |TAMS 0x00000000c5000000, 0x00000000c5000000| Untracked 
|  73|0x00000000c5d00000, 0x00000000c5d00000, 0x00000000c5e00000|  0%| F|  |TAMS 0x00000000c5d00000, 0x00000000c5d00000| Untracked 

Card table byte_map: [0x000001a15afd0000,0x000001a15b1d0000] _byte_map_base: 0x000001a15a9c6000

Marking Bits (Prev, Next): (CMBitMap*) 0x000001a1549578e0, (CMBitMap*) 0x000001a1549578a0
 Prev Bits: [0x000001a15c380000, 0x000001a15d330000)
 Next Bits: [0x000001a15b3d0000, 0x000001a15c380000)

Polling page: 0x000001a1528a0000

Metaspace:

Usage:
  Non-class:     63.48 MB used.
      Class:     10.09 MB used.
       Both:     73.56 MB used.

Virtual space:
  Non-class space:       72.00 MB reserved,      63.81 MB ( 89%) committed,  9 nodes.
      Class space:        1.00 GB reserved,      10.38 MB (  1%) committed,  1 nodes.
             Both:        1.07 GB reserved,      74.19 MB (  7%) committed. 

Chunk freelists:
   Non-Class:  3.83 MB
       Class:  1.66 MB
        Both:  5.48 MB

MaxMetaspaceSize: unlimited
CompressedClassSpaceSize: 1.00 GB
Initial GC threshold: 21.00 MB
Current GC threshold: 98.88 MB
CDS: off
MetaspaceReclaimPolicy: balanced
 - commit_granule_bytes: 65536.
 - commit_granule_words: 8192.
 - virtual_space_node_default_size: 1048576.
 - enlarge_chunks_in_place: 1.
 - new_chunks_are_fully_committed: 0.
 - uncommit_free_chunks: 1.
 - use_allocation_guard: 0.
 - handle_deallocations: 1.


Internal statistics:

num_allocs_failed_limit: 9.
num_arena_births: 886.
num_arena_deaths: 0.
num_vsnodes_births: 10.
num_vsnodes_deaths: 0.
num_space_committed: 1187.
num_space_uncommitted: 0.
num_chunks_returned_to_freelist: 9.
num_chunks_taken_from_freelist: 3367.
num_chunk_merges: 9.
num_chunk_splits: 2433.
num_chunks_enlarged: 1865.
num_purges: 0.
num_inconsistent_stats: 0.

CodeCache: size=49152Kb used=9398Kb max_used=9769Kb free=39753Kb
 bounds [0x000001a157fd0000, 0x000001a158960000, 0x000001a15afd0000]
 total_blobs=6131 nmethods=5437 adapters=621
 compilation: enabled
              stopped_count=0, restarted_count=0
 full_count=0

Compilation events (20 events):
Event: 55.521 Thread 0x000001a15f823a00 nmethod 5428 0x000001a15815e110 code [0x000001a15815e2a0, 0x000001a15815e408]
Event: 55.603 Thread 0x000001a15f823a00 5429       1       sun.nio.cs.UTF_8$Decoder::decodeArrayLoop (688 bytes)
Event: 55.608 Thread 0x000001a15f823a00 nmethod 5429 0x000001a158159c10 code [0x000001a15815a260, 0x000001a15815bd98]
Event: 55.627 Thread 0x000001a15f823a00 5430       1       org.attoparser.HtmlElements$HtmlElementRepository$ElementComparator::compare (13 bytes)
Event: 55.627 Thread 0x000001a15f823a00 nmethod 5430 0x000001a158158a90 code [0x000001a158158c40, 0x000001a158158dc8]
Event: 55.627 Thread 0x000001a15f823a00 5433       1       org.attoparser.util.TextUtil::compareTo (162 bytes)
Event: 55.628 Thread 0x000001a15f823a00 nmethod 5433 0x000001a158157f90 code [0x000001a1581581c0, 0x000001a1581586f8]
Event: 55.628 Thread 0x000001a15f823a00 5431       1       org.attoparser.HtmlElements$HtmlElementRepository$ElementComparator::compare (13 bytes)
Event: 55.629 Thread 0x000001a15f823a00 nmethod 5431 0x000001a158157b90 code [0x000001a158157d20, 0x000001a158157e28]
Event: 55.629 Thread 0x000001a15f823a00 5432       1       org.attoparser.util.TextUtil::compareTo (13 bytes)
Event: 55.629 Thread 0x000001a15f823a00 nmethod 5432 0x000001a158157810 code [0x000001a1581579a0, 0x000001a158157a88]
Event: 55.629 Thread 0x000001a15f823a00 5437       1       java.util.TimSort::gallopRight (335 bytes)
Event: 55.630 Thread 0x000001a15f823a00 nmethod 5437 0x000001a158156f10 code [0x000001a1581570e0, 0x000001a1581574f8]
Event: 55.630 Thread 0x000001a15f823a00 5435       1       java.util.TimSort::minRunLength (43 bytes)
Event: 55.630 Thread 0x000001a15f823a00 nmethod 5435 0x000001a158156c10 code [0x000001a158156da0, 0x000001a158156e78]
Event: 55.630 Thread 0x000001a15f823a00 5436       1       java.util.TimSort::mergeForceCollapse (50 bytes)
Event: 55.630 Thread 0x000001a15f823a00 nmethod 5436 0x000001a158156790 code [0x000001a158156940, 0x000001a158156ac8]
Event: 55.630 Thread 0x000001a15f823a00 5438       1       java.util.TimSort::gallopLeft (335 bytes)
Event: 55.631 Thread 0x000001a15f823a00 nmethod 5438 0x000001a158155e90 code [0x000001a158156060, 0x000001a158156458]
Event: 55.632 Thread 0x000001a15f823a00 5434       1       java.util.TimSort::<init> (181 bytes)

GC Heap History (20 events):
Event: 7.433 GC heap after
{Heap after GC invocations=9 (full 0):
 garbage-first heap   total 75776K, used 15013K [0x00000000c1400000, 0x0000000100000000)
  region size 1024K, 5 young (5120K), 5 survivors (5120K)
 Metaspace       used 33639K, committed 34048K, reserved 1081344K
  class space    used 4263K, committed 4416K, reserved 1048576K
}
Event: 8.084 GC heap before
{Heap before GC invocations=9 (full 0):
 garbage-first heap   total 75776K, used 27301K [0x00000000c1400000, 0x0000000100000000)
  region size 1024K, 18 young (18432K), 5 survivors (5120K)
 Metaspace       used 35674K, committed 36096K, reserved 1081344K
  class space    used 4617K, committed 4864K, reserved 1048576K
}
Event: 8.103 GC heap after
{Heap after GC invocations=10 (full 0):
 garbage-first heap   total 75776K, used 16749K [0x00000000c1400000, 0x0000000100000000)
  region size 1024K, 5 young (5120K), 5 survivors (5120K)
 Metaspace       used 35674K, committed 36096K, reserved 1081344K
  class space    used 4617K, committed 4864K, reserved 1048576K
}
Event: 9.682 GC heap before
{Heap before GC invocations=11 (full 0):
 garbage-first heap   total 61440K, used 47469K [0x00000000c1400000, 0x0000000100000000)
  region size 1024K, 36 young (36864K), 5 survivors (5120K)
 Metaspace       used 41641K, committed 42112K, reserved 1089536K
  class space    used 5334K, committed 5568K, reserved 1048576K
}
Event: 9.694 GC heap after
{Heap after GC invocations=12 (full 0):
 garbage-first heap   total 61440K, used 19804K [0x00000000c1400000, 0x0000000100000000)
  region size 1024K, 5 young (5120K), 5 survivors (5120K)
 Metaspace       used 41641K, committed 42112K, reserved 1089536K
  class space    used 5334K, committed 5568K, reserved 1048576K
}
Event: 9.733 GC heap before
{Heap before GC invocations=12 (full 0):
 garbage-first heap   total 61440K, used 20828K [0x00000000c1400000, 0x0000000100000000)
  region size 1024K, 6 young (6144K), 5 survivors (5120K)
 Metaspace       used 42045K, committed 42496K, reserved 1089536K
  class space    used 5362K, committed 5568K, reserved 1048576K
}
Event: 9.740 GC heap after
{Heap after GC invocations=13 (full 0):
 garbage-first heap   total 61440K, used 20189K [0x00000000c1400000, 0x0000000100000000)
  region size 1024K, 1 young (1024K), 1 survivors (1024K)
 Metaspace       used 42045K, committed 42496K, reserved 1089536K
  class space    used 5362K, committed 5568K, reserved 1048576K
}
Event: 11.092 GC heap before
{Heap before GC invocations=13 (full 0):
 garbage-first heap   total 61440K, used 45789K [0x00000000c1400000, 0x0000000100000000)
  region size 1024K, 26 young (26624K), 1 survivors (1024K)
 Metaspace       used 48632K, committed 49152K, reserved 1097728K
  class space    used 6341K, committed 6592K, reserved 1048576K
}
Event: 11.099 GC heap after
{Heap after GC invocations=14 (full 0):
 garbage-first heap   total 61440K, used 20727K [0x00000000c1400000, 0x0000000100000000)
  region size 1024K, 2 young (2048K), 2 survivors (2048K)
 Metaspace       used 48632K, committed 49152K, reserved 1097728K
  class space    used 6341K, committed 6592K, reserved 1048576K
}
Event: 12.062 GC heap before
{Heap before GC invocations=14 (full 0):
 garbage-first heap   total 61440K, used 45303K [0x00000000c1400000, 0x0000000100000000)
  region size 1024K, 27 young (27648K), 2 survivors (2048K)
 Metaspace       used 55056K, committed 55488K, reserved 1097728K
  class space    used 7196K, committed 7424K, reserved 1048576K
}
Event: 12.070 GC heap after
{Heap after GC invocations=15 (full 0):
 garbage-first heap   total 61440K, used 22008K [0x00000000c1400000, 0x0000000100000000)
  region size 1024K, 3 young (3072K), 3 survivors (3072K)
 Metaspace       used 55056K, committed 55488K, reserved 1097728K
  class space    used 7196K, committed 7424K, reserved 1048576K
}
Event: 12.873 GC heap before
{Heap before GC invocations=15 (full 0):
 garbage-first heap   total 61440K, used 39416K [0x00000000c1400000, 0x0000000100000000)
  region size 1024K, 21 young (21504K), 3 survivors (3072K)
 Metaspace       used 59925K, committed 60416K, reserved 1105920K
  class space    used 8026K, committed 8256K, reserved 1048576K
}
Event: 12.880 GC heap after
{Heap after GC invocations=16 (full 0):
 garbage-first heap   total 61440K, used 22875K [0x00000000c1400000, 0x0000000100000000)
  region size 1024K, 3 young (3072K), 3 survivors (3072K)
 Metaspace       used 59925K, committed 60416K, reserved 1105920K
  class space    used 8026K, committed 8256K, reserved 1048576K
}
Event: 14.033 GC heap before
{Heap before GC invocations=17 (full 0):
 garbage-first heap   total 61440K, used 46427K [0x00000000c1400000, 0x0000000100000000)
  region size 1024K, 27 young (27648K), 3 survivors (3072K)
 Metaspace       used 64632K, committed 65152K, reserved 1105920K
  class space    used 8859K, committed 9088K, reserved 1048576K
}
Event: 14.040 GC heap after
{Heap after GC invocations=18 (full 0):
 garbage-first heap   total 61440K, used 23977K [0x00000000c1400000, 0x0000000100000000)
  region size 1024K, 2 young (2048K), 2 survivors (2048K)
 Metaspace       used 64632K, committed 65152K, reserved 1105920K
  class space    used 8859K, committed 9088K, reserved 1048576K
}
Event: 14.776 GC heap before
{Heap before GC invocations=18 (full 0):
 garbage-first heap   total 61440K, used 48553K [0x00000000c1400000, 0x0000000100000000)
  region size 1024K, 27 young (27648K), 2 survivors (2048K)
 Metaspace       used 68512K, committed 69120K, reserved 1114112K
  class space    used 9383K, committed 9664K, reserved 1048576K
}
Event: 14.785 GC heap after
{Heap after GC invocations=19 (full 0):
 garbage-first heap   total 61440K, used 26288K [0x00000000c1400000, 0x0000000100000000)
  region size 1024K, 4 young (4096K), 4 survivors (4096K)
 Metaspace       used 68512K, committed 69120K, reserved 1114112K
  class space    used 9383K, committed 9664K, reserved 1048576K
}
Event: 15.517 GC heap before
{Heap before GC invocations=19 (full 0):
 garbage-first heap   total 61440K, used 49840K [0x00000000c1400000, 0x0000000100000000)
  region size 1024K, 27 young (27648K), 4 survivors (4096K)
 Metaspace       used 71002K, committed 71616K, reserved 1114112K
  class space    used 9741K, committed 10048K, reserved 1048576K
}
Event: 15.529 GC heap after
{Heap after GC invocations=20 (full 0):
 garbage-first heap   total 61440K, used 29134K [0x00000000c1400000, 0x0000000100000000)
  region size 1024K, 3 young (3072K), 3 survivors (3072K)
 Metaspace       used 71002K, committed 71616K, reserved 1114112K
  class space    used 9741K, committed 10048K, reserved 1048576K
}
Event: 55.632 GC heap before
{Heap before GC invocations=20 (full 0):
 garbage-first heap   total 61440K, used 49614K [0x00000000c1400000, 0x0000000100000000)
  region size 1024K, 23 young (23552K), 3 survivors (3072K)
 Metaspace       used 75328K, committed 75968K, reserved 1122304K
  class space    used 10327K, committed 10624K, reserved 1048576K
}

Dll operation events (9 events):
Event: 0.039 Loaded shared library C:\Users\User\Downloads\sts-4.18.0.RELEASE\plugins\org.eclipse.justj.openjdk.hotspot.jre.full.win32.x86_64_17.0.6.v20230204-1729\jre\bin\java.dll
Event: 0.913 Loaded shared library C:\Users\User\Downloads\sts-4.18.0.RELEASE\plugins\org.eclipse.justj.openjdk.hotspot.jre.full.win32.x86_64_17.0.6.v20230204-1729\jre\bin\jimage.dll
Event: 0.969 Loaded shared library C:\Users\User\Downloads\sts-4.18.0.RELEASE\plugins\org.eclipse.justj.openjdk.hotspot.jre.full.win32.x86_64_17.0.6.v20230204-1729\jre\bin\net.dll
Event: 0.981 Loaded shared library C:\Users\User\Downloads\sts-4.18.0.RELEASE\plugins\org.eclipse.justj.openjdk.hotspot.jre.full.win32.x86_64_17.0.6.v20230204-1729\jre\bin\nio.dll
Event: 1.019 Loaded shared library C:\Users\User\Downloads\sts-4.18.0.RELEASE\plugins\org.eclipse.justj.openjdk.hotspot.jre.full.win32.x86_64_17.0.6.v20230204-1729\jre\bin\zip.dll
Event: 1.524 Loaded shared library C:\Users\User\Downloads\sts-4.18.0.RELEASE\plugins\org.eclipse.justj.openjdk.hotspot.jre.full.win32.x86_64_17.0.6.v20230204-1729\jre\bin\management.dll
Event: 1.601 Loaded shared library C:\Users\User\Downloads\sts-4.18.0.RELEASE\plugins\org.eclipse.justj.openjdk.hotspot.jre.full.win32.x86_64_17.0.6.v20230204-1729\jre\bin\management_ext.dll
Event: 8.685 Loaded shared library C:\Users\User\Downloads\sts-4.18.0.RELEASE\plugins\org.eclipse.justj.openjdk.hotspot.jre.full.win32.x86_64_17.0.6.v20230204-1729\jre\bin\sunmscapi.dll
Event: 10.701 Loaded shared library C:\Users\User\Downloads\sts-4.18.0.RELEASE\plugins\org.eclipse.justj.openjdk.hotspot.jre.full.win32.x86_64_17.0.6.v20230204-1729\jre\bin\verify.dll

Deoptimization events (10 events):
Event: 4.416 Thread 0x000001a15491c490 DEOPT PACKING pc=0x000001a1584bbd99 sp=0x0000004c510fd5d0
Event: 4.416 Thread 0x000001a15491c490 DEOPT UNPACKING pc=0x000001a158027143 sp=0x0000004c510fcab0 mode 3
Event: 8.938 Thread 0x000001a15491c490 DEOPT PACKING pc=0x000001a15874a1fd sp=0x0000004c510fc770
Event: 8.938 Thread 0x000001a15491c490 DEOPT UNPACKING pc=0x000001a158027143 sp=0x0000004c510fbcd8 mode 3
Event: 14.365 Thread 0x000001a15491c490 DEOPT PACKING pc=0x000001a15885c81c sp=0x0000004c510fc7c0
Event: 14.365 Thread 0x000001a15491c490 DEOPT UNPACKING pc=0x000001a158027143 sp=0x0000004c510fbd18 mode 0
Event: 15.257 Thread 0x000001a15491c490 DEOPT PACKING pc=0x000001a15850a9c2 sp=0x0000004c510fe060
Event: 15.257 Thread 0x000001a15491c490 DEOPT UNPACKING pc=0x000001a158027143 sp=0x0000004c510fd568 mode 3
Event: 15.257 Thread 0x000001a15491c490 DEOPT PACKING pc=0x000001a158502ab5 sp=0x0000004c510fe020
Event: 15.257 Thread 0x000001a15491c490 DEOPT UNPACKING pc=0x000001a158027143 sp=0x0000004c510fd568 mode 3

Classes unloaded (0 events):
No events

Classes redefined (0 events):
No events

Internal exceptions (20 events):
Event: 14.586 Thread 0x000001a15491c490 Exception <a 'java/lang/IncompatibleClassChangeError'{0x00000000c3ee3c78}: Found class java.lang.Object, but interface was expected> (0x00000000c3ee3c78) 
thrown [s\src\hotspot\share\interpreter\linkResolver.cpp, line 826]
Event: 14.586 Thread 0x000001a15491c490 Exception <a 'java/lang/IncompatibleClassChangeError'{0x00000000c3eea590}: Found class java.lang.Object, but interface was expected> (0x00000000c3eea590) 
thrown [s\src\hotspot\share\interpreter\linkResolver.cpp, line 826]
Event: 14.666 Thread 0x000001a15491c490 Exception <a 'java/lang/reflect/InvocationTargetException'{0x00000000c3c8b100}> (0x00000000c3c8b100) 
thrown [s\src\hotspot\share\runtime\reflection.cpp, line 1121]
Event: 14.698 Thread 0x000001a15491c490 Exception <a 'java/lang/reflect/InvocationTargetException'{0x00000000c3acdcd8}> (0x00000000c3acdcd8) 
thrown [s\src\hotspot\share\runtime\reflection.cpp, line 1121]
Event: 14.704 Thread 0x000001a15491c490 Exception <a 'java/lang/reflect/InvocationTargetException'{0x00000000c3aebf18}> (0x00000000c3aebf18) 
thrown [s\src\hotspot\share\runtime\reflection.cpp, line 1121]
Event: 14.707 Thread 0x000001a15491c490 Exception <a 'java/lang/reflect/InvocationTargetException'{0x00000000c3afc3d0}> (0x00000000c3afc3d0) 
thrown [s\src\hotspot\share\runtime\reflection.cpp, line 1121]
Event: 14.711 Thread 0x000001a15491c490 Exception <a 'java/lang/reflect/InvocationTargetException'{0x00000000c390b628}> (0x00000000c390b628) 
thrown [s\src\hotspot\share\runtime\reflection.cpp, line 1121]
Event: 14.760 Thread 0x000001a15491c490 Exception <a 'java/lang/NoSuchMethodError'{0x00000000c37700a0}: 'java.lang.Object java.lang.invoke.DirectMethodHandle$Holder.invokeInterface(java.lang.Object, java.lang.Object, java.lang.Object, java.lang.Object)'> (0x00000000c37700a0) 
thrown [s\src\hotspot\share\interpreter\linkResolver.cpp, line 759]
Event: 15.039 Thread 0x000001a15491c490 Exception <a 'java/lang/NoSuchMethodError'{0x00000000c48c1558}: 'void java.lang.invoke.DirectMethodHandle$Holder.invokeVirtual(java.lang.Object, java.lang.Object, long)'> (0x00000000c48c1558) 
thrown [s\src\hotspot\share\interpreter\linkResolver.cpp, line 759]
Event: 15.274 Thread 0x000001a15491c490 Exception <a 'java/lang/IncompatibleClassChangeError'{0x00000000c41a7850}: Found class java.lang.Object, but interface was expected> (0x00000000c41a7850) 
thrown [s\src\hotspot\share\interpreter\linkResolver.cpp, line 826]
Event: 15.326 Thread 0x000001a15491c490 Exception <a 'java/lang/NoSuchMethodError'{0x00000000c3f3df00}: 'int java.lang.invoke.DirectMethodHandle$Holder.invokeStaticInit(java.lang.Object, java.lang.Object, java.lang.Object, java.lang.Object)'> (0x00000000c3f3df00) 
thrown [s\src\hotspot\share\interpreter\linkResolver.cpp, line 759]
Event: 15.550 Thread 0x000001a15491c490 Exception <a 'java/lang/NoSuchMethodError'{0x00000000c5da2be8}: 'java.lang.Object java.lang.invoke.DirectMethodHandle$Holder.newInvokeSpecial(java.lang.Object, java.lang.Object, int, java.lang.Object, java.lang.Object)'> (0x00000000c5da2be8) 
thrown [s\src\hotspot\share\interpreter\linkResolver.cpp, line 759]
Event: 15.552 Thread 0x000001a15491c490 Exception <a 'java/lang/NoSuchMethodError'{0x00000000c5dae168}: 'java.lang.Object java.lang.invoke.DirectMethodHandle$Holder.invokeSpecial(java.lang.Object, java.lang.Object, int, java.lang.Object, int, java.lang.Object)'> (0x00000000c5dae168) 
thrown [s\src\hotspot\share\interpreter\linkResolver.cpp, line 759]
Event: 15.553 Thread 0x000001a15491c490 Exception <a 'java/lang/NoSuchMethodError'{0x00000000c5db5f70}: 'java.lang.Object java.lang.invoke.DirectMethodHandle$Holder.newInvokeSpecial(java.lang.Object, java.lang.Object, int, java.lang.Object, int)'> (0x00000000c5db5f70) 
thrown [s\src\hotspot\share\interpreter\linkResolver.cpp, line 759]
Event: 15.553 Thread 0x000001a15491c490 Exception <a 'java/lang/NoSuchMethodError'{0x00000000c5dba070}: 'java.lang.Object java.lang.invoke.DirectMethodHandle$Holder.invokeSpecial(java.lang.Object, java.lang.Object, java.lang.Object, int, java.lang.Object, int)'> (0x00000000c5dba070) 
thrown [s\src\hotspot\share\interpreter\linkResolver.cpp, line 759]
Event: 15.833 Thread 0x000001a15491c490 Exception <a 'java/lang/NoSuchMethodError'{0x00000000c4923a88}: 'void java.lang.invoke.DirectMethodHandle$Holder.invokeSpecial(java.lang.Object, java.lang.Object, java.lang.Object, java.lang.Object, java.lang.Object, java.lang.Object, java.lang.Object, java.lang.Object, java.lang.Object)'> (0x00000000c4923a88) 
thrown [s\src\hotspot\share\interpreter\linkResolver.cpp, line 759]
Event: 15.838 Thread 0x000001a15491c490 Exception <a 'java/lang/NoSuchMethodError'{0x00000000c494c8e0}: 'int java.lang.invoke.DirectMethodHandle$Holder.invokeStatic(java.lang.Object, java.lang.Object, int, int)'> (0x00000000c494c8e0) 
thrown [s\src\hotspot\share\interpreter\linkResolver.cpp, line 759]
Event: 15.852 Thread 0x000001a15491c490 Exception <a 'java/lang/IncompatibleClassChangeError'{0x00000000c4991ab8}: Found class java.lang.Object, but interface was expected> (0x00000000c4991ab8) 
thrown [s\src\hotspot\share\interpreter\linkResolver.cpp, line 826]
Event: 54.943 Thread 0x000001a1658f03b0 Exception <a 'java/lang/NoSuchMethodError'{0x00000000c463a100}: 'java.lang.Object java.lang.invoke.DirectMethodHandle$Holder.invokeSpecial(java.lang.Object, java.lang.Object, java.lang.Object, java.lang.Object, java.lang.Object, long)'> (0x00000000c463a100) 
thrown [s\src\hotspot\share\interpreter\linkResolver.cpp, line 759]
Event: 54.943 Thread 0x000001a1658f03b0 Exception <a 'java/lang/NoSuchMethodError'{0x00000000c463db40}: 'java.lang.Object java.lang.invoke.Invokers$Holder.linkToTargetMethod(java.lang.Object, java.lang.Object, java.lang.Object, long, java.lang.Object)'> (0x00000000c463db40) 
thrown [s\src\hotspot\share\interpreter\linkResolver.cpp, line 759]

VM Operations (20 events):
Event: 15.235 Executing VM operation: HandshakeAllThreads done
Event: 15.236 Executing VM operation: HandshakeAllThreads
Event: 15.236 Executing VM operation: HandshakeAllThreads done
Event: 15.517 Executing VM operation: G1CollectForAllocation
Event: 15.529 Executing VM operation: G1CollectForAllocation done
Event: 15.677 Executing VM operation: HandshakeAllThreads
Event: 15.677 Executing VM operation: HandshakeAllThreads done
Event: 15.677 Executing VM operation: HandshakeAllThreads
Event: 15.677 Executing VM operation: HandshakeAllThreads done
Event: 16.678 Executing VM operation: Cleanup
Event: 16.678 Executing VM operation: Cleanup done
Event: 54.976 Executing VM operation: HandshakeAllThreads
Event: 54.976 Executing VM operation: HandshakeAllThreads done
Event: 54.976 Executing VM operation: Cleanup
Event: 54.976 Executing VM operation: Cleanup done
Event: 54.997 Executing VM operation: HandshakeAllThreads
Event: 54.997 Executing VM operation: HandshakeAllThreads done
Event: 55.143 Executing VM operation: HandshakeAllThreads
Event: 55.143 Executing VM operation: HandshakeAllThreads done
Event: 55.632 Executing VM operation: G1CollectForAllocation

Events (20 events):
Event: 54.730 loading class sun/nio/ch/SelectionKeyImpl
Event: 54.730 loading class java/nio/channels/spi/AbstractSelectionKey
Event: 54.731 loading class java/nio/channels/SelectionKey
Event: 54.731 loading class java/nio/channels/SelectionKey done
Event: 54.731 loading class java/nio/channels/spi/AbstractSelectionKey done
Event: 54.731 loading class sun/nio/ch/SelectionKeyImpl done
Event: 54.731 loading class java/lang/invoke/ConstantBootstraps
Event: 54.732 loading class java/lang/invoke/ConstantBootstraps done
Event: 54.952 loading class sun/nio/cs/ThreadLocalCoders
Event: 54.952 loading class sun/nio/cs/ThreadLocalCoders done
Event: 54.952 loading class sun/nio/cs/ThreadLocalCoders$1
Event: 54.952 loading class sun/nio/cs/ThreadLocalCoders$Cache
Event: 54.952 loading class sun/nio/cs/ThreadLocalCoders$Cache done
Event: 54.952 loading class sun/nio/cs/ThreadLocalCoders$1 done
Event: 54.952 loading class sun/nio/cs/ThreadLocalCoders$2
Event: 54.953 loading class sun/nio/cs/ThreadLocalCoders$2 done
Event: 54.953 loading class sun/nio/cs/ISO_8859_1$Decoder
Event: 54.953 loading class sun/nio/cs/ISO_8859_1$Decoder done
Event: 55.427 loading class java/util/EnumMap$EntryIterator$Entry
Event: 55.427 loading class java/util/EnumMap$EntryIterator$Entry done


Dynamic libraries:
0x00007ff6f2c90000 - 0x00007ff6f2c9e000 	C:\Users\User\Downloads\sts-4.18.0.RELEASE\plugins\org.eclipse.justj.openjdk.hotspot.jre.full.win32.x86_64_17.0.6.v20230204-1729\jre\bin\javaw.exe
0x00007ffcf4f90000 - 0x00007ffcf5188000 	C:\WINDOWS\SYSTEM32\ntdll.dll
0x00007ffcf4610000 - 0x00007ffcf46cf000 	C:\WINDOWS\System32\KERNEL32.DLL
0x00007ffcf2920000 - 0x00007ffcf2c16000 	C:\WINDOWS\System32\KERNELBASE.dll
0x00007ffcf2ca0000 - 0x00007ffcf2da0000 	C:\WINDOWS\System32\ucrtbase.dll
0x00007ffcebce0000 - 0x00007ffcebcf7000 	C:\Users\User\Downloads\sts-4.18.0.RELEASE\plugins\org.eclipse.justj.openjdk.hotspot.jre.full.win32.x86_64_17.0.6.v20230204-1729\jre\bin\jli.dll
0x00007ffcf3770000 - 0x00007ffcf390d000 	C:\WINDOWS\System32\USER32.dll
0x00007ffcf26e0000 - 0x00007ffcf2702000 	C:\WINDOWS\System32\win32u.dll
0x00007ffcf3350000 - 0x00007ffcf337c000 	C:\WINDOWS\System32\GDI32.dll
0x00007ffcf2ed0000 - 0x00007ffcf2fe5000 	C:\WINDOWS\System32\gdi32full.dll
0x00007ffcf2e30000 - 0x00007ffcf2ecd000 	C:\WINDOWS\System32\msvcp_win.dll
0x00007ffce98c0000 - 0x00007ffce98d9000 	C:\Users\User\Downloads\sts-4.18.0.RELEASE\plugins\org.eclipse.justj.openjdk.hotspot.jre.full.win32.x86_64_17.0.6.v20230204-1729\jre\bin\VCRUNTIME140.dll
0x00007ffce0400000 - 0x00007ffce069a000 	C:\WINDOWS\WinSxS\amd64_microsoft.windows.common-controls_6595b64144ccf1df_6.0.19041.1110_none_60b5254171f9507e\COMCTL32.dll
0x00007ffcf4ca0000 - 0x00007ffcf4d3e000 	C:\WINDOWS\System32\msvcrt.dll
0x00007ffcf4c10000 - 0x00007ffcf4c40000 	C:\WINDOWS\System32\IMM32.DLL
0x00007ffcebeb0000 - 0x00007ffcebebc000 	C:\Users\User\Downloads\sts-4.18.0.RELEASE\plugins\org.eclipse.justj.openjdk.hotspot.jre.full.win32.x86_64_17.0.6.v20230204-1729\jre\bin\vcruntime140_1.dll
0x00007ffcc3c30000 - 0x00007ffcc3cc1000 	C:\Users\User\Downloads\sts-4.18.0.RELEASE\plugins\org.eclipse.justj.openjdk.hotspot.jre.full.win32.x86_64_17.0.6.v20230204-1729\jre\bin\msvcp140.dll
0x00007ffca5d60000 - 0x00007ffca69a7000 	C:\Users\User\Downloads\sts-4.18.0.RELEASE\plugins\org.eclipse.justj.openjdk.hotspot.jre.full.win32.x86_64_17.0.6.v20230204-1729\jre\bin\server\jvm.dll
0x00007ffcf4ae0000 - 0x00007ffcf4b8f000 	C:\WINDOWS\System32\ADVAPI32.dll
0x00007ffcf35c0000 - 0x00007ffcf365c000 	C:\WINDOWS\System32\sechost.dll
0x00007ffcf4e10000 - 0x00007ffcf4f36000 	C:\WINDOWS\System32\RPCRT4.dll
0x00007ffcdc2b0000 - 0x00007ffcdc2b9000 	C:\WINDOWS\SYSTEM32\WSOCK32.dll
0x00007ffccbae0000 - 0x00007ffccbb07000 	C:\WINDOWS\SYSTEM32\WINMM.dll
0x00007ffcf4730000 - 0x00007ffcf479b000 	C:\WINDOWS\System32\WS2_32.dll
0x00007ffce73b0000 - 0x00007ffce73ba000 	C:\WINDOWS\SYSTEM32\VERSION.dll
0x00007ffcf0e90000 - 0x00007ffcf0ea2000 	C:\WINDOWS\SYSTEM32\kernel.appcore.dll
0x00007ffced780000 - 0x00007ffced78a000 	C:\Users\User\Downloads\sts-4.18.0.RELEASE\plugins\org.eclipse.justj.openjdk.hotspot.jre.full.win32.x86_64_17.0.6.v20230204-1729\jre\bin\jimage.dll
0x00007ffcf0b60000 - 0x00007ffcf0d44000 	C:\WINDOWS\SYSTEM32\DBGHELP.DLL
0x00007ffcdcb40000 - 0x00007ffcdcb74000 	C:\WINDOWS\SYSTEM32\dbgcore.DLL
0x00007ffcf2da0000 - 0x00007ffcf2e22000 	C:\WINDOWS\System32\bcryptPrimitives.dll
0x00007ffceb6a0000 - 0x00007ffceb6c5000 	C:\Users\User\Downloads\sts-4.18.0.RELEASE\plugins\org.eclipse.justj.openjdk.hotspot.jre.full.win32.x86_64_17.0.6.v20230204-1729\jre\bin\java.dll
0x00007ffcea160000 - 0x00007ffcea178000 	C:\Users\User\Downloads\sts-4.18.0.RELEASE\plugins\org.eclipse.justj.openjdk.hotspot.jre.full.win32.x86_64_17.0.6.v20230204-1729\jre\bin\zip.dll
0x00007ffcf3a50000 - 0x00007ffcf4194000 	C:\WINDOWS\System32\SHELL32.dll
0x00007ffcf03c0000 - 0x00007ffcf0b53000 	C:\WINDOWS\SYSTEM32\windows.storage.dll
0x00007ffcf2ff0000 - 0x00007ffcf3344000 	C:\WINDOWS\System32\combase.dll
0x00007ffcf1f00000 - 0x00007ffcf1f2e000 	C:\WINDOWS\SYSTEM32\Wldp.dll
0x00007ffcf47b0000 - 0x00007ffcf485d000 	C:\WINDOWS\System32\SHCORE.dll
0x00007ffcf4c40000 - 0x00007ffcf4c95000 	C:\WINDOWS\System32\shlwapi.dll
0x00007ffcf25a0000 - 0x00007ffcf25c5000 	C:\WINDOWS\SYSTEM32\profapi.dll
0x00007ffce9f70000 - 0x00007ffce9f89000 	C:\Users\User\Downloads\sts-4.18.0.RELEASE\plugins\org.eclipse.justj.openjdk.hotspot.jre.full.win32.x86_64_17.0.6.v20230204-1729\jre\bin\net.dll
0x00007ffceca40000 - 0x00007ffcecb4a000 	C:\WINDOWS\SYSTEM32\WINHTTP.dll
0x00007ffcf1ce0000 - 0x00007ffcf1d4a000 	C:\WINDOWS\system32\mswsock.dll
0x00007ffce98e0000 - 0x00007ffce98f5000 	C:\Users\User\Downloads\sts-4.18.0.RELEASE\plugins\org.eclipse.justj.openjdk.hotspot.jre.full.win32.x86_64_17.0.6.v20230204-1729\jre\bin\nio.dll
0x00007ffcebe90000 - 0x00007ffcebe99000 	C:\Users\User\Downloads\sts-4.18.0.RELEASE\plugins\org.eclipse.justj.openjdk.hotspot.jre.full.win32.x86_64_17.0.6.v20230204-1729\jre\bin\management.dll
0x00007ffceb690000 - 0x00007ffceb69b000 	C:\Users\User\Downloads\sts-4.18.0.RELEASE\plugins\org.eclipse.justj.openjdk.hotspot.jre.full.win32.x86_64_17.0.6.v20230204-1729\jre\bin\management_ext.dll
0x00007ffcf4f40000 - 0x00007ffcf4f48000 	C:\WINDOWS\System32\PSAPI.DLL
0x00007ffcd52c0000 - 0x00007ffcd52d7000 	C:\WINDOWS\system32\napinsp.dll
0x00007ffcd4d40000 - 0x00007ffcd4d5b000 	C:\WINDOWS\system32\pnrpnsp.dll
0x00007ffcec620000 - 0x00007ffcec635000 	C:\WINDOWS\system32\wshbth.dll
0x00007ffced9e0000 - 0x00007ffced9fd000 	C:\WINDOWS\system32\NLAapi.dll
0x00007ffcf19f0000 - 0x00007ffcf1a2b000 	C:\WINDOWS\SYSTEM32\IPHLPAPI.DLL
0x00007ffcf1a30000 - 0x00007ffcf1afa000 	C:\WINDOWS\SYSTEM32\DNSAPI.dll
0x00007ffcf4860000 - 0x00007ffcf4868000 	C:\WINDOWS\System32\NSI.dll
0x00007ffcd4c20000 - 0x00007ffcd4c32000 	C:\WINDOWS\System32\winrnr.dll
0x00007ffcde480000 - 0x00007ffcde48a000 	C:\Windows\System32\rasadhlp.dll
0x00007ffce12f0000 - 0x00007ffce1372000 	C:\WINDOWS\System32\fwpuclnt.dll
0x00007ffcf2c70000 - 0x00007ffcf2c97000 	C:\WINDOWS\System32\bcrypt.dll
0x00007ffcf1f40000 - 0x00007ffcf1f58000 	C:\WINDOWS\SYSTEM32\CRYPTSP.dll
0x00007ffcf1610000 - 0x00007ffcf1644000 	C:\WINDOWS\system32\rsaenh.dll
0x00007ffcf2560000 - 0x00007ffcf258e000 	C:\WINDOWS\SYSTEM32\USERENV.dll
0x00007ffcf1e70000 - 0x00007ffcf1e7c000 	C:\WINDOWS\SYSTEM32\CRYPTBASE.dll
0x00007ffce2760000 - 0x00007ffce2777000 	C:\WINDOWS\SYSTEM32\dhcpcsvc6.DLL
0x00007ffce7040000 - 0x00007ffce705d000 	C:\WINDOWS\SYSTEM32\dhcpcsvc.DLL
0x00007ffced740000 - 0x00007ffced74e000 	C:\Users\User\Downloads\sts-4.18.0.RELEASE\plugins\org.eclipse.justj.openjdk.hotspot.jre.full.win32.x86_64_17.0.6.v20230204-1729\jre\bin\sunmscapi.dll
0x00007ffcf2710000 - 0x00007ffcf286e000 	C:\WINDOWS\System32\CRYPT32.dll
0x00007ffcf2050000 - 0x00007ffcf2078000 	C:\WINDOWS\SYSTEM32\ncrypt.dll
0x00007ffcf2010000 - 0x00007ffcf204b000 	C:\WINDOWS\SYSTEM32\NTASN1.dll
0x00007ffced6e0000 - 0x00007ffced6f0000 	C:\Users\User\Downloads\sts-4.18.0.RELEASE\plugins\org.eclipse.justj.openjdk.hotspot.jre.full.win32.x86_64_17.0.6.v20230204-1729\jre\bin\verify.dll
0x00007ffcea150000 - 0x00007ffcea157000 	C:\WINDOWS\system32\wshunix.dll

dbghelp: loaded successfully - version: 4.0.5 - missing functions: none
symbol engine: initialized successfully - sym options: 0x614 - pdb path: .;C:\Users\User\Downloads\sts-4.18.0.RELEASE\plugins\org.eclipse.justj.openjdk.hotspot.jre.full.win32.x86_64_17.0.6.v20230204-1729\jre\bin;C:\WINDOWS\SYSTEM32;C:\WINDOWS\WinSxS\amd64_microsoft.windows.common-controls_6595b64144ccf1df_6.0.19041.1110_none_60b5254171f9507e;C:\Users\User\Downloads\sts-4.18.0.RELEASE\plugins\org.eclipse.justj.openjdk.hotspot.jre.full.win32.x86_64_17.0.6.v20230204-1729\jre\bin\server

VM Arguments:
jvm_args: -Dcom.sun.management.jmxremote -Dcom.sun.management.jmxremote.port=51561 -Dcom.sun.management.jmxremote.authenticate=false -Dcom.sun.management.jmxremote.ssl=false -Djava.rmi.server.hostname=localhost -Dspring.jmx.enabled=true -Dmanagement.endpoints.jmx.exposure.include=* -Dspring.application.admin.enabled=true -XX:TieredStopAtLevel=1 -Dspring.boot.project.name=ProgInz_md1_2023 -Dfile.encoding=UTF-8 -XX:+ShowCodeDetailsInExceptionMessages 
java_command: venta.lv.ProgInzMd12023Application --spring.output.ansi.enabled=always
java_class_path (initial): C:\Users\User\Downloads\ProgInz_md1_2023\target\classes;C:\Users\User\.m2\repository\mysql\mysql-connector-java\8.0.28\mysql-connector-java-8.0.28.jar;C:\Users\User\.m2\repository\com\google\protobuf\protobuf-java\3.11.4\protobuf-java-3.11.4.jar;C:\Users\User\.m2\repository\org\springframework\boot\spring-boot-starter-data-jpa\3.1.0\spring-boot-starter-data-jpa-3.1.0.jar;C:\Users\User\.m2\repository\org\springframework\boot\spring-boot-starter-aop\3.1.0\spring-boot-starter-aop-3.1.0.jar;C:\Users\User\.m2\repository\org\springframework\spring-aop\6.0.9\spring-aop-6.0.9.jar;C:\Users\User\.m2\repository\org\aspectj\aspectjweaver\1.9.19\aspectjweaver-1.9.19.jar;C:\Users\User\.m2\repository\org\springframework\boot\spring-boot-starter-jdbc\3.1.0\spring-boot-starter-jdbc-3.1.0.jar;C:\Users\User\.m2\repository\com\zaxxer\HikariCP\5.0.1\HikariCP-5.0.1.jar;C:\Users\User\.m2\repository\org\springframework\spring-jdbc\6.0.9\spring-jdbc-6.0.9.jar;C:\Users\User\.m2\repository\org\hibernate\orm\hibernate-core\6.2.2.Final\hibernate-core-6.2.2.Final.jar;C:\Users\User\.m2\repository\jakarta\persistence\jakarta.persistence-api\3.1.0\jakarta.persistence-api-3.1.0.jar;C:\Users\User\.m2\repository\jakarta\transaction\jakarta.transaction-api\2.0.1\jakarta.transaction-api-2.0.1.jar;C:\Users\User\.m2\repository\org\jboss\logging\jboss-logging\3.5.0.Final\jboss-logging-3.5.0.Final.jar;C:\Users\User\.m2\repository\org\hibernate\common\hibernate-commons-annotations\6.0.6.Final\hibernate-commons-annotations-6.0.6.Final.jar;C:\Users\User\.m2\repository\io\smallrye\jandex\3.0.5\jandex-3.0.5.jar;C:\Users\User\.m2\repository\com\fasterxml\classmate\1.5.1\classmate-1.5.1.jar;C:\Users\User\.m2\repository\net\bytebuddy\byte-buddy\1.14.4\byte-buddy-1.14.4.jar;C:\Users\User\.m2\repository\org\glassfish\jaxb\jaxb-runtime\4.0.2\jaxb-runtime-4.0.2.jar;C:\Users\User\.m2\repository\org\glassfish\jaxb\jaxb-core\4.0.2\jaxb-core-4.0.2.jar;C:\Users\User\.m2\repository\org\eclipse\an
Launcher Type: SUN_STANDARD

[Global flags]
     intx CICompilerCount                          = 3                                         {product} {ergonomic}
     uint ConcGCThreads                            = 1                                         {product} {ergonomic}
     uint G1ConcRefinementThreads                  = 4                                         {product} {ergonomic}
   size_t G1HeapRegionSize                         = 1048576                                   {product} {ergonomic}
    uintx GCDrainStackTargetSize                   = 64                                        {product} {ergonomic}
   size_t InitialHeapSize                          = 67108864                                  {product} {ergonomic}
     bool ManagementServer                         = true                                      {product} {command line}
   size_t MarkStackSize                            = 4194304                                   {product} {ergonomic}
   size_t MaxHeapSize                              = 1052770304                                {product} {ergonomic}
   size_t MaxNewSize                               = 631242752                                 {product} {ergonomic}
   size_t MinHeapDeltaBytes                        = 1048576                                   {product} {ergonomic}
   size_t MinHeapSize                              = 8388608                                   {product} {ergonomic}
    uintx NonProfiledCodeHeapSize                  = 0                                      {pd product} {ergonomic}
     bool ProfileInterpreter                       = false                                  {pd product} {command line}
    uintx ProfiledCodeHeapSize                     = 0                                      {pd product} {ergonomic}
     bool ShowCodeDetailsInExceptionMessages       = true                                   {manageable} {command line}
   size_t SoftMaxHeapSize                          = 1052770304                             {manageable} {ergonomic}
     intx TieredStopAtLevel                        = 1                                         {product} {command line}
     bool UseCompressedClassPointers               = true                           {product lp64_product} {ergonomic}
     bool UseCompressedOops                        = true                           {product lp64_product} {ergonomic}
     bool UseG1GC                                  = true                                      {product} {ergonomic}
     bool UseLargePagesIndividualAllocation        = false                                  {pd product} {ergonomic}

Logging:
Log output configuration:
 #0: stdout all=warning uptime,level,tags
 #1: stderr all=off uptime,level,tags

Environment Variables:
PATH=C:/Users/User/Downloads/sts-4.18.0.RELEASE//plugins/org.eclipse.justj.openjdk.hotspot.jre.full.win32.x86_64_17.0.6.v20230204-1729/jre/bin/server;C:/Users/User/Downloads/sts-4.18.0.RELEASE//plugins/org.eclipse.justj.openjdk.hotspot.jre.full.win32.x86_64_17.0.6.v20230204-1729/jre/bin;C:\Program Files (x86)\Common Files\Oracle\Java\javapath;C:\WINDOWS\system32;C:\WINDOWS;C:\WINDOWS\System32\Wbem;C:\WINDOWS\System32\WindowsPowerShell\v1.0\;C:\WINDOWS\System32\OpenSSH\;C:\Program Files\Git\cmd;C:\Program Files\nodejs\;C:\Program Files\Docker\Docker\resources\bin;C:\ProgramData\ComposerSetup\bin;C:\Users\User\AppData\Local\Microsoft\WindowsApps;C:\Users\User\AppData\Roaming\npm;C:\php;C:\Users\User\AppData\Roaming\Composer\vendor\bin;C:\Users\User\AppData\Local\Programs\Microsoft VS Code\bin;C:\Users\User\Downloads\sts-4.18.0.RELEASE;
USERNAME=User
OS=Windows_NT
PROCESSOR_IDENTIFIER=Intel64 Family 6 Model 78 Stepping 3, GenuineIntel
TMP=C:\Users\User\AppData\Local\Temp
TEMP=C:\Users\User\AppData\Local\Temp



---------------  S Y S T E M  ---------------

OS:
 Windows 10 , 64 bit Build 19041 (10.0.19041.3155)
OS uptime: 0 days 0:31 hours
Hyper-V role detected

CPU: total 4 (initial active 4) (2 cores per cpu, 2 threads per core) family 6 model 78 stepping 3 microcode 0xcc, cx8, cmov, fxsr, ht, mmx, 3dnowpref, sse, sse2, sse3, ssse3, sse4.1, sse4.2, popcnt, lzcnt, tsc, tscinvbit, avx, avx2, aes, erms, clmul, bmi1, bmi2, adx, fma, vzeroupper, clflush, clflushopt, hv

Memory: 4k page, system-wide physical 4012M (328M free)
TotalPageFile size 11350M (AvailPageFile size 15M)
current process WorkingSet (physical memory assigned to process): 195M, peak: 203M
current process commit charge ("private bytes"): 233M, peak: 243M

vm_info: OpenJDK 64-Bit Server VM (17.0.6+10) for windows-amd64 JRE (17.0.6+10), built on Jan 18 2023 10:08:59 by "temurin" with MS VC++ 16.7 (VS2019)

END.
